29/08/2014 14.18.03	CaricaMappaAO(): Indice non compreso nell'intervallo
29/08/2014 14.18.03	CaricaMappaAO(): Indice non compreso nell'intervallo
29/08/2014 14.18.03	CaricaMappaAO(): Indice non compreso nell'intervallo
29/08/2014 14.18.03	CaricaMappaAO(): Indice non compreso nell'intervallo
29/08/2014 14.18.23	CaricaMappaAO(): Indice non compreso nell'intervallo
29/08/2014 14.18.23	CaricaMappaAO(): Indice non compreso nell'intervallo
29/08/2014 14.18.23	CaricaMappaAO(): Indice non compreso nell'intervallo
29/08/2014 14.18.23	CaricaMappaAO(): Indice non compreso nell'intervallo
29/08/2014 15.32.02	CaricaMappaAO(): Indice non compreso nell'intervallo
29/08/2014 15.32.02	CaricaMappaAO(): Indice non compreso nell'intervallo
29/08/2014 15.32.02	CaricaMappaAO(): Indice non compreso nell'intervallo
29/08/2014 15.32.02	CaricaMappaAO(): Indice non compreso nell'intervallo
29/08/2014 15.32.56	LeggiRegistriAnalogici: Indice non compreso nell'intervallo
29/08/2014 15.32.56	ScriviRegistriAnalogici: Indice non compreso nell'intervallo
29/08/2014 15.32.57	LeggiRegistriAnalogici: Indice non compreso nell'intervallo
29/08/2014 15.32.57	ScriviRegistriAnalogici: Indice non compreso nell'intervallo
29/08/2014 15.32.58	LeggiRegistriAnalogici: Indice non compreso nell'intervallo
29/08/2014 15.32.58	ScriviRegistriAnalogici: Indice non compreso nell'intervallo
29/08/2014 15.32.59	LeggiRegistriAnalogici: Indice non compreso nell'intervallo
29/08/2014 15.32.59	ScriviRegistriAnalogici: Indice non compreso nell'intervallo
29/08/2014 15.33.00	LeggiRegistriAnalogici: Indice non compreso nell'intervallo
29/08/2014 15.33.00	ScriviRegistriAnalogici: Indice non compreso nell'intervallo
29/08/2014 15.33.01	LeggiRegistriAnalogici: Indice non compreso nell'intervallo
29/08/2014 15.33.01	ScriviRegistriAnalogici: Indice non compreso nell'intervallo
29/08/2014 15.33.02	LeggiRegistriAnalogici: Indice non compreso nell'intervallo
29/08/2014 15.33.02	ScriviRegistriAnalogici: Indice non compreso nell'intervallo
29/08/2014 15.33.03	LeggiRegistriAnalogici: Indice non compreso nell'intervallo
29/08/2014 15.33.03	ScriviRegistriAnalogici: Indice non compreso nell'intervallo
29/08/2014 15.33.04	LeggiRegistriAnalogici: Indice non compreso nell'intervallo
29/08/2014 15.33.05	ScriviRegistriAnalogici: Indice non compreso nell'intervallo
29/08/2014 15.33.06	LeggiRegistriAnalogici: Indice non compreso nell'intervallo
29/08/2014 15.33.06	ScriviRegistriAnalogici: Indice non compreso nell'intervallo
29/08/2014 15.33.07	LeggiRegistriAnalogici: Indice non compreso nell'intervallo
29/08/2014 15.33.07	ScriviRegistriAnalogici: Indice non compreso nell'intervallo
29/08/2014 15.33.08	LeggiRegistriAnalogici: Indice non compreso nell'intervallo
29/08/2014 15.33.08	ScriviRegistriAnalogici: Indice non compreso nell'intervallo
29/08/2014 15.33.09	LeggiRegistriAnalogici: Indice non compreso nell'intervallo
29/08/2014 15.33.09	ScriviRegistriAnalogici: Indice non compreso nell'intervallo
29/08/2014 15.33.10	LeggiRegistriAnalogici: Indice non compreso nell'intervallo
29/08/2014 15.33.10	ScriviRegistriAnalogici: Indice non compreso nell'intervallo
29/08/2014 15.33.11	LeggiRegistriAnalogici: Indice non compreso nell'intervallo
29/08/2014 15.33.11	ScriviRegistriAnalogici: Indice non compreso nell'intervallo
29/08/2014 15.33.12	LeggiRegistriAnalogici: Indice non compreso nell'intervallo
29/08/2014 15.33.12	ScriviRegistriAnalogici: Indice non compreso nell'intervallo
29/08/2014 15.33.13	LeggiRegistriAnalogici: Indice non compreso nell'intervallo
29/08/2014 15.33.13	ScriviRegistriAnalogici: Indice non compreso nell'intervallo
29/08/2014 15.33.14	LeggiRegistriAnalogici: Indice non compreso nell'intervallo
29/08/2014 15.33.14	ScriviRegistriAnalogici: Indice non compreso nell'intervallo
29/08/2014 15.33.15	LeggiRegistriAnalogici: Indice non compreso nell'intervallo
29/08/2014 15.33.16	ScriviRegistriAnalogici: Indice non compreso nell'intervallo
29/08/2014 15.33.17	LeggiRegistriAnalogici: Indice non compreso nell'intervallo
29/08/2014 15.33.17	ScriviRegistriAnalogici: Indice non compreso nell'intervallo
29/08/2014 15.33.18	LeggiRegistriAnalogici: Indice non compreso nell'intervallo
29/08/2014 15.33.18	ScriviRegistriAnalogici: Indice non compreso nell'intervallo
29/08/2014 15.33.19	LeggiRegistriAnalogici: Indice non compreso nell'intervallo
29/08/2014 15.33.19	ScriviRegistriAnalogici: Indice non compreso nell'intervallo
29/08/2014 15.33.20	LeggiRegistriAnalogici: Indice non compreso nell'intervallo
29/08/2014 15.33.23	ScriviRegistriAnalogici: Indice non compreso nell'intervallo
29/08/2014 15.36.07	LeggiRegistriAnalogici: Indice non compreso nell'intervallo
29/08/2014 15.36.09	LeggiRegistriAnalogici: Indice non compreso nell'intervallo
29/08/2014 15.36.11	LeggiRegistriAnalogici: Indice non compreso nell'intervallo
29/08/2014 15.36.13	LeggiRegistriAnalogici: Indice non compreso nell'intervallo
29/08/2014 15.36.15	LeggiRegistriAnalogici: Indice non compreso nell'intervallo
29/08/2014 15.36.17	LeggiRegistriAnalogici: Indice non compreso nell'intervallo
29/08/2014 15.36.19	LeggiRegistriAnalogici: Indice non compreso nell'intervallo
29/08/2014 15.36.21	LeggiRegistriAnalogici: Indice non compreso nell'intervallo
29/08/2014 15.36.23	LeggiRegistriAnalogici: Indice non compreso nell'intervallo
29/08/2014 15.36.26	LeggiRegistriAnalogici: Indice non compreso nell'intervallo
29/08/2014 15.36.28	LeggiRegistriAnalogici: Indice non compreso nell'intervallo
29/08/2014 15.36.30	LeggiRegistriAnalogici: Indice non compreso nell'intervallo
29/08/2014 15.36.32	LeggiRegistriAnalogici: Indice non compreso nell'intervallo
29/08/2014 15.36.34	LeggiRegistriAnalogici: Indice non compreso nell'intervallo
29/08/2014 15.36.36	LeggiRegistriAnalogici: Indice non compreso nell'intervallo
29/08/2014 15.36.38	LeggiRegistriAnalogici: Indice non compreso nell'intervallo
29/08/2014 15.36.40	LeggiRegistriAnalogici: Indice non compreso nell'intervallo
29/08/2014 15.36.42	LeggiRegistriAnalogici: Indice non compreso nell'intervallo
29/08/2014 15.36.49	LeggiRegistriAnalogici: Indice non compreso nell'intervallo
13/11/2014 14.15.13	ScriviRegistriDigitali: Indice non compreso nell'intervallo
13/11/2014 14.15.15	ScriviRegistriDigitali: Indice non compreso nell'intervallo
13/11/2014 14.15.17	ScriviRegistriDigitali: Indice non compreso nell'intervallo
13/11/2014 14.15.19	ScriviRegistriDigitali: Indice non compreso nell'intervallo
13/11/2014 14.15.21	ScriviRegistriDigitali: Indice non compreso nell'intervallo
13/11/2014 14.15.22	ScriviRegistriDigitali: Indice non compreso nell'intervallo
13/11/2014 14.15.24	ScriviRegistriDigitali: Indice non compreso nell'intervallo
13/11/2014 14.15.26	ScriviRegistriDigitali: Indice non compreso nell'intervallo
13/11/2014 14.15.28	ScriviRegistriDigitali: Indice non compreso nell'intervallo
13/11/2014 14.15.30	ScriviRegistriDigitali: Indice non compreso nell'intervallo
13/11/2014 14.15.32	ScriviRegistriDigitali: Indice non compreso nell'intervallo
13/11/2014 14.15.34	ScriviRegistriDigitali: Indice non compreso nell'intervallo
13/11/2014 14.15.36	ScriviRegistriDigitali: Indice non compreso nell'intervallo
13/11/2014 14.15.38	ScriviRegistriDigitali: Indice non compreso nell'intervallo
13/11/2014 14.15.40	ScriviRegistriDigitali: Indice non compreso nell'intervallo
13/11/2014 14.34.58	LeggiRegistriDigitali: L'elemento '2' della matrice di controlli non esiste
13/11/2014 14.36.36	LeggiRegistriDigitali: L'elemento '2' della matrice di controlli non esiste
13/11/2014 14.42.58	LeggiRegistriDigitali: L'elemento '2' della matrice di controlli non esiste
13/11/2014 14.43.47	LeggiRegistriDigitali: L'elemento '2' della matrice di controlli non esiste
20/11/2014 15.58.33	LeggiRegistriDigitali: L'elemento '2' della matrice di controlli non esiste
08/02/2017 15.58.31	StartMe: Il componente ActiveX non può creare l'oggetto
08/02/2017 15.58.35	InizializzaProtocollo: Variabile oggetto o variabile del blocco With non impostata
08/02/2017 16.04.53	StartMe: ActiveX component can't create object
08/02/2017 16.04.57	InizializzaProtocollo: Object variable or With block variable not set
23/05/2018 08.31.56	CaricaLinea(): Non sono disponibili informazioni sui diritti di licenza per questo componente. Non sono disponibili i diritti di licenza necessari per utilizzare questa funzione in ambiente di progettazione.
20/07/2018 12.20.39	CaricaMappaDO(): Indice non compreso nell'intervallo
20/07/2018 12.20.39	CaricaMappaDO(): Indice non compreso nell'intervallo
20/07/2018 12.20.39	CaricaMappaDO(): Indice non compreso nell'intervallo
20/07/2018 12.20.39	CaricaMappaDO(): Indice non compreso nell'intervallo
20/07/2018 12.20.39	CaricaMappaDO(): Indice non compreso nell'intervallo
20/07/2018 12.20.39	CaricaMappaDO(): Indice non compreso nell'intervallo
20/07/2018 12.20.39	CaricaMappaDO(): Indice non compreso nell'intervallo
20/07/2018 12.20.39	CaricaMappaDO(): Indice non compreso nell'intervallo
20/07/2018 12.20.39	CaricaMappaDO(): Indice non compreso nell'intervallo
20/07/2018 12.20.39	CaricaMappaDO(): Indice non compreso nell'intervallo
20/07/2018 12.20.39	CaricaMappaDO(): Indice non compreso nell'intervallo
20/07/2018 12.20.39	CaricaMappaDO(): Indice non compreso nell'intervallo
20/07/2018 12.22.02	CaricaMappaDO(): Indice non compreso nell'intervallo
20/07/2018 12.26.29	CaricaMappaDO(): Indice non compreso nell'intervallo
20/07/2018 12.26.29	CaricaMappaDO(): Indice non compreso nell'intervallo
20/07/2018 12.26.29	CaricaMappaDO(): Indice non compreso nell'intervallo
20/07/2018 12.26.29	CaricaMappaDO(): Indice non compreso nell'intervallo
20/07/2018 12.26.29	CaricaMappaDO(): Indice non compreso nell'intervallo
20/07/2018 12.26.29	CaricaMappaDO(): Indice non compreso nell'intervallo
20/07/2018 12.27.35	CaricaMappaDO(): Indice non compreso nell'intervallo
20/07/2018 12.29.14	CaricaMappaDO(): Indice non compreso nell'intervallo
20/07/2018 12.29.22	CaricaMappaDO(): Indice non compreso nell'intervallo
20/07/2018 12.29.22	CaricaMappaDO(): Indice non compreso nell'intervallo
20/07/2018 12.29.23	CaricaMappaDO(): Indice non compreso nell'intervallo
20/07/2018 12.29.23	CaricaMappaDO(): Indice non compreso nell'intervallo
20/07/2018 12.31.38	CaricaMappaDO(): Indice non compreso nell'intervallo
20/07/2018 12.31.38	CaricaMappaDO(): Indice non compreso nell'intervallo
20/07/2018 12.31.38	CaricaMappaDO(): Indice non compreso nell'intervallo
20/07/2018 12.31.38	CaricaMappaDO(): Indice non compreso nell'intervallo
20/07/2018 12.31.38	CaricaMappaDO(): Indice non compreso nell'intervallo
20/07/2018 12.31.38	CaricaMappaDO(): Indice non compreso nell'intervallo
26/09/2018 09.00.14	CaricaLinea(): Non sono disponibili informazioni sui diritti di licenza per questo componente. Non sono disponibili i diritti di licenza necessari per utilizzare questa funzione in ambiente di progettazione.
