19/11/2018 00.48.12	Voce nella console del browser web: CefSharp.ConsoleMessageEventArgs
19/11/2018 01.57.12	Premuto impianto minimo tecnico
19/11/2018 03.07.20	Voce nella console del browser web: CefSharp.ConsoleMessageEventArgs
19/11/2018 03.50.07	Voce nella console del browser web: CefSharp.ConsoleMessageEventArgs
19/11/2018 03.58.28	Voce nella console del browser web: CefSharp.ConsoleMessageEventArgs
19/11/2018 04.24.29	Voce nella console del browser web: CefSharp.ConsoleMessageEventArgs
19/11/2018 04.33.39	Voce nella console del browser web: CefSharp.ConsoleMessageEventArgs
19/11/2018 04.35.56	Voce nella console del browser web: CefSharp.ConsoleMessageEventArgs
19/11/2018 04.57.17	Voce nella console del browser web: CefSharp.ConsoleMessageEventArgs
19/11/2018 06.09.41	Voce nella console del browser web: CefSharp.ConsoleMessageEventArgs
19/11/2018 06.18.46	Voce nella console del browser web: CefSharp.ConsoleMessageEventArgs
19/11/2018 06.45.35	Voce nella console del browser web: CefSharp.ConsoleMessageEventArgs
19/11/2018 07.37.52	Premuto impianto in marcia
19/11/2018 07.52.59	Voce nella console del browser web: CefSharp.ConsoleMessageEventArgs
19/11/2018 07.59.57	Voce nella console del browser web: CefSharp.ConsoleMessageEventArgs
19/11/2018 08.59.47	Voce nella console del browser web: CefSharp.ConsoleMessageEventArgs
19/11/2018 09.30.22	Voce nella console del browser web: CefSharp.ConsoleMessageEventArgs
19/11/2018 09.39.46	Voce nella console del browser web: CefSharp.ConsoleMessageEventArgs
19/11/2018 09.44.06	Voce nella console del browser web: CefSharp.ConsoleMessageEventArgs
19/11/2018 10.05.52	Voce nella console del browser web: CefSharp.ConsoleMessageEventArgs
19/11/2018 10.17.24	Voce nella console del browser web: CefSharp.ConsoleMessageEventArgs
19/11/2018 10.36.03	Voce nella console del browser web: CefSharp.ConsoleMessageEventArgs
19/11/2018 12.17.10	Voce nella console del browser web: CefSharp.ConsoleMessageEventArgs
19/11/2018 12.42.36	Voce nella console del browser web: CefSharp.ConsoleMessageEventArgs
19/11/2018 12.45.08	Voce nella console del browser web: CefSharp.ConsoleMessageEventArgs
19/11/2018 13.56.48	Voce nella console del browser web: CefSharp.ConsoleMessageEventArgs
19/11/2018 14.54.18	Voce nella console del browser web: CefSharp.ConsoleMessageEventArgs
19/11/2018 15.08.13	Windas.NET avviato
19/11/2018 15.08.13	Premuto impianto fermo
19/11/2018 15.08.21	Premuto impianto minimo tecnico
19/11/2018 15.08.27	Premuto impianto in marcia
19/11/2018 15.54.25	Voce nella console del browser web: CefSharp.ConsoleMessageEventArgs
19/11/2018 16.17.32	Voce nella console del browser web: CefSharp.ConsoleMessageEventArgs
19/11/2018 16.36.19	Voce nella console del browser web: CefSharp.ConsoleMessageEventArgs
19/11/2018 16.43.01	Voce nella console del browser web: CefSharp.ConsoleMessageEventArgs
19/11/2018 16.43.11	Voce nella console del browser web: CefSharp.ConsoleMessageEventArgs
19/11/2018 17.19.54	Voce nella console del browser web: CefSharp.ConsoleMessageEventArgs
19/11/2018 18.19.13	Voce nella console del browser web: CefSharp.ConsoleMessageEventArgs
19/11/2018 21.41.15	Voce nella console del browser web: CefSharp.ConsoleMessageEventArgs
19/11/2018 21.49.26	Voce nella console del browser web: CefSharp.ConsoleMessageEventArgs
19/11/2018 21.54.40	Voce nella console del browser web: CefSharp.ConsoleMessageEventArgs
19/11/2018 22.22.09	Voce nella console del browser web: CefSharp.ConsoleMessageEventArgs
19/11/2018 22.39.34	Voce nella console del browser web: CefSharp.ConsoleMessageEventArgs
