27/12/2018 00.05.45	Voce nella console del browser web: CefSharp.ConsoleMessageEventArgs
27/12/2018 00.33.06	Voce nella console del browser web: CefSharp.ConsoleMessageEventArgs
27/12/2018 00.40.32	Voce nella console del browser web: CefSharp.ConsoleMessageEventArgs
27/12/2018 01.04.04	Voce nella console del browser web: CefSharp.ConsoleMessageEventArgs
27/12/2018 01.05.47	Voce nella console del browser web: CefSharp.ConsoleMessageEventArgs
27/12/2018 01.26.02	Voce nella console del browser web: CefSharp.ConsoleMessageEventArgs
27/12/2018 02.01.19	Voce nella console del browser web: CefSharp.ConsoleMessageEventArgs
27/12/2018 03.04.47	Voce nella console del browser web: CefSharp.ConsoleMessageEventArgs
27/12/2018 03.05.07	Voce nella console del browser web: CefSharp.ConsoleMessageEventArgs
27/12/2018 03.29.03	Voce nella console del browser web: CefSharp.ConsoleMessageEventArgs
27/12/2018 03.44.20	Voce nella console del browser web: CefSharp.ConsoleMessageEventArgs
27/12/2018 03.50.56	Voce nella console del browser web: CefSharp.ConsoleMessageEventArgs
27/12/2018 04.22.48	Voce nella console del browser web: CefSharp.ConsoleMessageEventArgs
27/12/2018 04.23.52	Voce nella console del browser web: CefSharp.ConsoleMessageEventArgs
27/12/2018 04.48.46	Voce nella console del browser web: CefSharp.ConsoleMessageEventArgs
27/12/2018 08.59.57	Voce nella console del browser web: CefSharp.ConsoleMessageEventArgs
27/12/2018 09.11.03	Voce nella console del browser web: CefSharp.ConsoleMessageEventArgs
27/12/2018 09.25.11	Voce nella console del browser web: CefSharp.ConsoleMessageEventArgs
27/12/2018 11.54.25	Voce nella console del browser web: CefSharp.ConsoleMessageEventArgs
27/12/2018 12.02.26	Voce nella console del browser web: CefSharp.ConsoleMessageEventArgs
27/12/2018 12.26.02	Voce nella console del browser web: CefSharp.ConsoleMessageEventArgs
27/12/2018 13.31.28	Voce nella console del browser web: CefSharp.ConsoleMessageEventArgs
27/12/2018 14.18.31	Voce nella console del browser web: CefSharp.ConsoleMessageEventArgs
27/12/2018 15.16.30	Voce nella console del browser web: CefSharp.ConsoleMessageEventArgs
27/12/2018 15.34.46	Windas.NET avviato
27/12/2018 15.34.46	Premuto impianto fermo
27/12/2018 15.34.54	Premuto impianto minimo tecnico
27/12/2018 15.35.00	Premuto impianto in marcia
27/12/2018 15.36.40	Voce nella console del browser web: CefSharp.ConsoleMessageEventArgs
27/12/2018 16.18.25	Voce nella console del browser web: CefSharp.ConsoleMessageEventArgs
27/12/2018 16.21.55	Voce nella console del browser web: CefSharp.ConsoleMessageEventArgs
27/12/2018 18.12.41	Voce nella console del browser web: CefSharp.ConsoleMessageEventArgs
27/12/2018 18.44.03	Voce nella console del browser web: CefSharp.ConsoleMessageEventArgs
27/12/2018 18.45.51	Voce nella console del browser web: CefSharp.ConsoleMessageEventArgs
27/12/2018 18.50.40	Voce nella console del browser web: CefSharp.ConsoleMessageEventArgs
27/12/2018 19.22.51	Voce nella console del browser web: CefSharp.ConsoleMessageEventArgs
27/12/2018 19.37.48	Voce nella console del browser web: CefSharp.ConsoleMessageEventArgs
27/12/2018 19.48.59	Voce nella console del browser web: CefSharp.ConsoleMessageEventArgs
27/12/2018 20.02.18	Voce nella console del browser web: CefSharp.ConsoleMessageEventArgs
27/12/2018 20.19.18	Voce nella console del browser web: CefSharp.ConsoleMessageEventArgs
27/12/2018 20.23.47	Voce nella console del browser web: CefSharp.ConsoleMessageEventArgs
27/12/2018 20.45.01	Voce nella console del browser web: CefSharp.ConsoleMessageEventArgs
27/12/2018 22.07.02	Voce nella console del browser web: CefSharp.ConsoleMessageEventArgs
27/12/2018 22.54.15	Voce nella console del browser web: CefSharp.ConsoleMessageEventArgs
