15/11/2018 11.41.05	Windas.NET avviato
15/11/2018 11.41.05	Premuto impianto fermo
15/11/2018 11.41.14	Premuto impianto minimo tecnico
15/11/2018 11.41.23	Premuto impianto in marcia
15/11/2018 11.44.35	Windas.NET avviato
15/11/2018 11.44.35	Premuto impianto fermo
15/11/2018 11.44.44	Premuto impianto minimo tecnico
15/11/2018 11.44.50	Premuto impianto in marcia
15/11/2018 11.45.30	Voce nella console del browser web: CefSharp.ConsoleMessageEventArgs
15/11/2018 13.43.24	Voce nella console del browser web: CefSharp.ConsoleMessageEventArgs
15/11/2018 14.05.19	Voce nella console del browser web: CefSharp.ConsoleMessageEventArgs
15/11/2018 14.08.01	Voce nella console del browser web: CefSharp.ConsoleMessageEventArgs
15/11/2018 14.22.50	Voce nella console del browser web: CefSharp.ConsoleMessageEventArgs
15/11/2018 15.04.15	Windas.NET avviato
15/11/2018 15.04.15	Premuto impianto fermo
15/11/2018 15.04.31	Premuto impianto minimo tecnico
15/11/2018 15.04.39	Premuto impianto in marcia
15/11/2018 16.21.58	Voce nella console del browser web: CefSharp.ConsoleMessageEventArgs
15/11/2018 16.44.27	Voce nella console del browser web: CefSharp.ConsoleMessageEventArgs
15/11/2018 17.00.53	Voce nella console del browser web: CefSharp.ConsoleMessageEventArgs
15/11/2018 17.27.27	Windas.NET avviato
15/11/2018 17.27.27	Premuto impianto fermo
15/11/2018 17.27.52	Premuto impianto minimo tecnico
15/11/2018 17.28.00	Premuto impianto in marcia
15/11/2018 19.22.32	Voce nella console del browser web: CefSharp.ConsoleMessageEventArgs
15/11/2018 19.26.42	Voce nella console del browser web: CefSharp.ConsoleMessageEventArgs
15/11/2018 19.56.04	Voce nella console del browser web: CefSharp.ConsoleMessageEventArgs
15/11/2018 21.10.49	Windas.NET avviato
15/11/2018 21.10.56	Premuto impianto fermo
15/11/2018 21.35.20	Voce nella console del browser web: CefSharp.ConsoleMessageEventArgs
15/11/2018 21.52.41	Voce nella console del browser web: CefSharp.ConsoleMessageEventArgs
15/11/2018 22.47.15	Voce nella console del browser web: CefSharp.ConsoleMessageEventArgs
15/11/2018 23.32.24	Voce nella console del browser web: CefSharp.ConsoleMessageEventArgs
15/11/2018 23.36.45	Premuto impianto minimo tecnico
15/11/2018 23.37.05	Premuto impianto in marcia
15/11/2018 23.46.52	Voce nella console del browser web: CefSharp.ConsoleMessageEventArgs
