04/10/2018 11.34.26	GestioneCasella errore: System.InvalidCastException: Cast non valido dalla stringa "" al tipo 'Double'. ---> System.FormatException: Formato della stringa di input non corretto.
   in Microsoft.VisualBasic.CompilerServices.Conversions.ParseDouble(String Value, NumberFormatInfo NumberFormat)
   in Microsoft.VisualBasic.CompilerServices.Conversions.ToDouble(String Value, NumberFormatInfo NumberFormat)
   --- Fine della traccia dello stack dell'eccezione interna ---
   in Microsoft.VisualBasic.CompilerServices.Conversions.ToDouble(String Value, NumberFormatInfo NumberFormat)
   in Microsoft.VisualBasic.CompilerServices.Conversions.ToDouble(Object Value, NumberFormatInfo NumberFormat)
   in WindasNet.FrmMain.GestioneCasella(Object TipoTag) in C:\Commesse\C996 Siemens\094 - Enel SI Agordo\Sorgenti\Windas.NET\WindowsApplication1\FrmMain.vb:riga 611
04/10/2018 11.34.27	GestioneCasella errore: System.InvalidCastException: Cast non valido dalla stringa "" al tipo 'Double'. ---> System.FormatException: Formato della stringa di input non corretto.
   in Microsoft.VisualBasic.CompilerServices.Conversions.ParseDouble(String Value, NumberFormatInfo NumberFormat)
   in Microsoft.VisualBasic.CompilerServices.Conversions.ToDouble(String Value, NumberFormatInfo NumberFormat)
   --- Fine della traccia dello stack dell'eccezione interna ---
   in Microsoft.VisualBasic.CompilerServices.Conversions.ToDouble(String Value, NumberFormatInfo NumberFormat)
   in Microsoft.VisualBasic.CompilerServices.Conversions.ToDouble(Object Value, NumberFormatInfo NumberFormat)
   in WindasNet.FrmMain.GestioneCasella(Object TipoTag) in C:\Commesse\C996 Siemens\094 - Enel SI Agordo\Sorgenti\Windas.NET\WindowsApplication1\FrmMain.vb:riga 611
04/10/2018 11.34.27	GestioneCasella errore: System.InvalidCastException: Cast non valido dalla stringa "" al tipo 'Double'. ---> System.FormatException: Formato della stringa di input non corretto.
   in Microsoft.VisualBasic.CompilerServices.Conversions.ParseDouble(String Value, NumberFormatInfo NumberFormat)
   in Microsoft.VisualBasic.CompilerServices.Conversions.ToDouble(String Value, NumberFormatInfo NumberFormat)
   --- Fine della traccia dello stack dell'eccezione interna ---
   in Microsoft.VisualBasic.CompilerServices.Conversions.ToDouble(String Value, NumberFormatInfo NumberFormat)
   in Microsoft.VisualBasic.CompilerServices.Conversions.ToDouble(Object Value, NumberFormatInfo NumberFormat)
   in WindasNet.FrmMain.GestioneCasella(Object TipoTag) in C:\Commesse\C996 Siemens\094 - Enel SI Agordo\Sorgenti\Windas.NET\WindowsApplication1\FrmMain.vb:riga 611
04/10/2018 11.34.27	GestioneCasella errore: System.InvalidCastException: Cast non valido dalla stringa "" al tipo 'Double'. ---> System.FormatException: Formato della stringa di input non corretto.
   in Microsoft.VisualBasic.CompilerServices.Conversions.ParseDouble(String Value, NumberFormatInfo NumberFormat)
   in Microsoft.VisualBasic.CompilerServices.Conversions.ToDouble(String Value, NumberFormatInfo NumberFormat)
   --- Fine della traccia dello stack dell'eccezione interna ---
   in Microsoft.VisualBasic.CompilerServices.Conversions.ToDouble(String Value, NumberFormatInfo NumberFormat)
   in Microsoft.VisualBasic.CompilerServices.Conversions.ToDouble(Object Value, NumberFormatInfo NumberFormat)
   in WindasNet.FrmMain.GestioneCasella(Object TipoTag) in C:\Commesse\C996 Siemens\094 - Enel SI Agordo\Sorgenti\Windas.NET\WindowsApplication1\FrmMain.vb:riga 611
04/10/2018 11.34.27	GestioneCasella errore: System.InvalidCastException: Cast non valido dalla stringa "" al tipo 'Double'. ---> System.FormatException: Formato della stringa di input non corretto.
   in Microsoft.VisualBasic.CompilerServices.Conversions.ParseDouble(String Value, NumberFormatInfo NumberFormat)
   in Microsoft.VisualBasic.CompilerServices.Conversions.ToDouble(String Value, NumberFormatInfo NumberFormat)
   --- Fine della traccia dello stack dell'eccezione interna ---
   in Microsoft.VisualBasic.CompilerServices.Conversions.ToDouble(String Value, NumberFormatInfo NumberFormat)
   in Microsoft.VisualBasic.CompilerServices.Conversions.ToDouble(Object Value, NumberFormatInfo NumberFormat)
   in WindasNet.FrmMain.GestioneCasella(Object TipoTag) in C:\Commesse\C996 Siemens\094 - Enel SI Agordo\Sorgenti\Windas.NET\WindowsApplication1\FrmMain.vb:riga 611
04/10/2018 11.34.27	GestioneCasella errore: System.InvalidCastException: Cast non valido dalla stringa "" al tipo 'Double'. ---> System.FormatException: Formato della stringa di input non corretto.
   in Microsoft.VisualBasic.CompilerServices.Conversions.ParseDouble(String Value, NumberFormatInfo NumberFormat)
   in Microsoft.VisualBasic.CompilerServices.Conversions.ToDouble(String Value, NumberFormatInfo NumberFormat)
   --- Fine della traccia dello stack dell'eccezione interna ---
   in Microsoft.VisualBasic.CompilerServices.Conversions.ToDouble(String Value, NumberFormatInfo NumberFormat)
   in Microsoft.VisualBasic.CompilerServices.Conversions.ToDouble(Object Value, NumberFormatInfo NumberFormat)
   in WindasNet.FrmMain.GestioneCasella(Object TipoTag) in C:\Commesse\C996 Siemens\094 - Enel SI Agordo\Sorgenti\Windas.NET\WindowsApplication1\FrmMain.vb:riga 611
04/10/2018 11.34.28	GestioneCasella errore: System.InvalidCastException: Cast non valido dalla stringa "" al tipo 'Double'. ---> System.FormatException: Formato della stringa di input non corretto.
   in Microsoft.VisualBasic.CompilerServices.Conversions.ParseDouble(String Value, NumberFormatInfo NumberFormat)
   in Microsoft.VisualBasic.CompilerServices.Conversions.ToDouble(String Value, NumberFormatInfo NumberFormat)
   --- Fine della traccia dello stack dell'eccezione interna ---
   in Microsoft.VisualBasic.CompilerServices.Conversions.ToDouble(String Value, NumberFormatInfo NumberFormat)
   in Microsoft.VisualBasic.CompilerServices.Conversions.ToDouble(Object Value, NumberFormatInfo NumberFormat)
   in WindasNet.FrmMain.GestioneCasella(Object TipoTag) in C:\Commesse\C996 Siemens\094 - Enel SI Agordo\Sorgenti\Windas.NET\WindowsApplication1\FrmMain.vb:riga 611
04/10/2018 11.34.28	GestioneCasella errore: System.InvalidCastException: Cast non valido dalla stringa "" al tipo 'Double'. ---> System.FormatException: Formato della stringa di input non corretto.
   in Microsoft.VisualBasic.CompilerServices.Conversions.ParseDouble(String Value, NumberFormatInfo NumberFormat)
   in Microsoft.VisualBasic.CompilerServices.Conversions.ToDouble(String Value, NumberFormatInfo NumberFormat)
   --- Fine della traccia dello stack dell'eccezione interna ---
   in Microsoft.VisualBasic.CompilerServices.Conversions.ToDouble(String Value, NumberFormatInfo NumberFormat)
   in Microsoft.VisualBasic.CompilerServices.Conversions.ToDouble(Object Value, NumberFormatInfo NumberFormat)
   in WindasNet.FrmMain.GestioneCasella(Object TipoTag) in C:\Commesse\C996 Siemens\094 - Enel SI Agordo\Sorgenti\Windas.NET\WindowsApplication1\FrmMain.vb:riga 611
04/10/2018 11.34.28	GestioneCasella errore: System.InvalidCastException: Cast non valido dalla stringa "" al tipo 'Double'. ---> System.FormatException: Formato della stringa di input non corretto.
   in Microsoft.VisualBasic.CompilerServices.Conversions.ParseDouble(String Value, NumberFormatInfo NumberFormat)
   in Microsoft.VisualBasic.CompilerServices.Conversions.ToDouble(String Value, NumberFormatInfo NumberFormat)
   --- Fine della traccia dello stack dell'eccezione interna ---
   in Microsoft.VisualBasic.CompilerServices.Conversions.ToDouble(String Value, NumberFormatInfo NumberFormat)
   in Microsoft.VisualBasic.CompilerServices.Conversions.ToDouble(Object Value, NumberFormatInfo NumberFormat)
   in WindasNet.FrmMain.GestioneCasella(Object TipoTag) in C:\Commesse\C996 Siemens\094 - Enel SI Agordo\Sorgenti\Windas.NET\WindowsApplication1\FrmMain.vb:riga 611
04/10/2018 11.34.28	GestioneCasella errore: System.InvalidCastException: Cast non valido dalla stringa "" al tipo 'Double'. ---> System.FormatException: Formato della stringa di input non corretto.
   in Microsoft.VisualBasic.CompilerServices.Conversions.ParseDouble(String Value, NumberFormatInfo NumberFormat)
   in Microsoft.VisualBasic.CompilerServices.Conversions.ToDouble(String Value, NumberFormatInfo NumberFormat)
   --- Fine della traccia dello stack dell'eccezione interna ---
   in Microsoft.VisualBasic.CompilerServices.Conversions.ToDouble(String Value, NumberFormatInfo NumberFormat)
   in Microsoft.VisualBasic.CompilerServices.Conversions.ToDouble(Object Value, NumberFormatInfo NumberFormat)
   in WindasNet.FrmMain.GestioneCasella(Object TipoTag) in C:\Commesse\C996 Siemens\094 - Enel SI Agordo\Sorgenti\Windas.NET\WindowsApplication1\FrmMain.vb:riga 611
04/10/2018 11.34.29	GestioneCasella errore: System.InvalidCastException: Cast non valido dalla stringa "" al tipo 'Double'. ---> System.FormatException: Formato della stringa di input non corretto.
   in Microsoft.VisualBasic.CompilerServices.Conversions.ParseDouble(String Value, NumberFormatInfo NumberFormat)
   in Microsoft.VisualBasic.CompilerServices.Conversions.ToDouble(String Value, NumberFormatInfo NumberFormat)
   --- Fine della traccia dello stack dell'eccezione interna ---
   in Microsoft.VisualBasic.CompilerServices.Conversions.ToDouble(String Value, NumberFormatInfo NumberFormat)
   in Microsoft.VisualBasic.CompilerServices.Conversions.ToDouble(Object Value, NumberFormatInfo NumberFormat)
   in WindasNet.FrmMain.GestioneCasella(Object TipoTag) in C:\Commesse\C996 Siemens\094 - Enel SI Agordo\Sorgenti\Windas.NET\WindowsApplication1\FrmMain.vb:riga 611
04/10/2018 11.34.29	GestioneCasella errore: System.InvalidCastException: Cast non valido dalla stringa "" al tipo 'Double'. ---> System.FormatException: Formato della stringa di input non corretto.
   in Microsoft.VisualBasic.CompilerServices.Conversions.ParseDouble(String Value, NumberFormatInfo NumberFormat)
   in Microsoft.VisualBasic.CompilerServices.Conversions.ToDouble(String Value, NumberFormatInfo NumberFormat)
   --- Fine della traccia dello stack dell'eccezione interna ---
   in Microsoft.VisualBasic.CompilerServices.Conversions.ToDouble(String Value, NumberFormatInfo NumberFormat)
   in Microsoft.VisualBasic.CompilerServices.Conversions.ToDouble(Object Value, NumberFormatInfo NumberFormat)
   in WindasNet.FrmMain.GestioneCasella(Object TipoTag) in C:\Commesse\C996 Siemens\094 - Enel SI Agordo\Sorgenti\Windas.NET\WindowsApplication1\FrmMain.vb:riga 611
04/10/2018 11.34.29	GestioneCasella errore: System.InvalidCastException: Cast non valido dalla stringa "" al tipo 'Double'. ---> System.FormatException: Formato della stringa di input non corretto.
   in Microsoft.VisualBasic.CompilerServices.Conversions.ParseDouble(String Value, NumberFormatInfo NumberFormat)
   in Microsoft.VisualBasic.CompilerServices.Conversions.ToDouble(String Value, NumberFormatInfo NumberFormat)
   --- Fine della traccia dello stack dell'eccezione interna ---
   in Microsoft.VisualBasic.CompilerServices.Conversions.ToDouble(String Value, NumberFormatInfo NumberFormat)
   in Microsoft.VisualBasic.CompilerServices.Conversions.ToDouble(Object Value, NumberFormatInfo NumberFormat)
   in WindasNet.FrmMain.GestioneCasella(Object TipoTag) in C:\Commesse\C996 Siemens\094 - Enel SI Agordo\Sorgenti\Windas.NET\WindowsApplication1\FrmMain.vb:riga 611
04/10/2018 11.34.29	GestioneCasella errore: System.InvalidCastException: Cast non valido dalla stringa "" al tipo 'Double'. ---> System.FormatException: Formato della stringa di input non corretto.
   in Microsoft.VisualBasic.CompilerServices.Conversions.ParseDouble(String Value, NumberFormatInfo NumberFormat)
   in Microsoft.VisualBasic.CompilerServices.Conversions.ToDouble(String Value, NumberFormatInfo NumberFormat)
   --- Fine della traccia dello stack dell'eccezione interna ---
   in Microsoft.VisualBasic.CompilerServices.Conversions.ToDouble(String Value, NumberFormatInfo NumberFormat)
   in Microsoft.VisualBasic.CompilerServices.Conversions.ToDouble(Object Value, NumberFormatInfo NumberFormat)
   in WindasNet.FrmMain.GestioneCasella(Object TipoTag) in C:\Commesse\C996 Siemens\094 - Enel SI Agordo\Sorgenti\Windas.NET\WindowsApplication1\FrmMain.vb:riga 611
04/10/2018 11.34.30	GestioneCasella errore: System.InvalidCastException: Cast non valido dalla stringa "" al tipo 'Double'. ---> System.FormatException: Formato della stringa di input non corretto.
   in Microsoft.VisualBasic.CompilerServices.Conversions.ParseDouble(String Value, NumberFormatInfo NumberFormat)
   in Microsoft.VisualBasic.CompilerServices.Conversions.ToDouble(String Value, NumberFormatInfo NumberFormat)
   --- Fine della traccia dello stack dell'eccezione interna ---
   in Microsoft.VisualBasic.CompilerServices.Conversions.ToDouble(String Value, NumberFormatInfo NumberFormat)
   in Microsoft.VisualBasic.CompilerServices.Conversions.ToDouble(Object Value, NumberFormatInfo NumberFormat)
   in WindasNet.FrmMain.GestioneCasella(Object TipoTag) in C:\Commesse\C996 Siemens\094 - Enel SI Agordo\Sorgenti\Windas.NET\WindowsApplication1\FrmMain.vb:riga 611
04/10/2018 11.34.30	GestioneCasella errore: System.InvalidCastException: Cast non valido dalla stringa "" al tipo 'Double'. ---> System.FormatException: Formato della stringa di input non corretto.
   in Microsoft.VisualBasic.CompilerServices.Conversions.ParseDouble(String Value, NumberFormatInfo NumberFormat)
   in Microsoft.VisualBasic.CompilerServices.Conversions.ToDouble(String Value, NumberFormatInfo NumberFormat)
   --- Fine della traccia dello stack dell'eccezione interna ---
   in Microsoft.VisualBasic.CompilerServices.Conversions.ToDouble(String Value, NumberFormatInfo NumberFormat)
   in Microsoft.VisualBasic.CompilerServices.Conversions.ToDouble(Object Value, NumberFormatInfo NumberFormat)
   in WindasNet.FrmMain.GestioneCasella(Object TipoTag) in C:\Commesse\C996 Siemens\094 - Enel SI Agordo\Sorgenti\Windas.NET\WindowsApplication1\FrmMain.vb:riga 611
04/10/2018 11.34.30	GestioneCasella errore: System.InvalidCastException: Cast non valido dalla stringa "" al tipo 'Double'. ---> System.FormatException: Formato della stringa di input non corretto.
   in Microsoft.VisualBasic.CompilerServices.Conversions.ParseDouble(String Value, NumberFormatInfo NumberFormat)
   in Microsoft.VisualBasic.CompilerServices.Conversions.ToDouble(String Value, NumberFormatInfo NumberFormat)
   --- Fine della traccia dello stack dell'eccezione interna ---
   in Microsoft.VisualBasic.CompilerServices.Conversions.ToDouble(String Value, NumberFormatInfo NumberFormat)
   in Microsoft.VisualBasic.CompilerServices.Conversions.ToDouble(Object Value, NumberFormatInfo NumberFormat)
   in WindasNet.FrmMain.GestioneCasella(Object TipoTag) in C:\Commesse\C996 Siemens\094 - Enel SI Agordo\Sorgenti\Windas.NET\WindowsApplication1\FrmMain.vb:riga 611
04/10/2018 11.34.30	GestioneCasella errore: System.InvalidCastException: Cast non valido dalla stringa "" al tipo 'Double'. ---> System.FormatException: Formato della stringa di input non corretto.
   in Microsoft.VisualBasic.CompilerServices.Conversions.ParseDouble(String Value, NumberFormatInfo NumberFormat)
   in Microsoft.VisualBasic.CompilerServices.Conversions.ToDouble(String Value, NumberFormatInfo NumberFormat)
   --- Fine della traccia dello stack dell'eccezione interna ---
   in Microsoft.VisualBasic.CompilerServices.Conversions.ToDouble(String Value, NumberFormatInfo NumberFormat)
   in Microsoft.VisualBasic.CompilerServices.Conversions.ToDouble(Object Value, NumberFormatInfo NumberFormat)
   in WindasNet.FrmMain.GestioneCasella(Object TipoTag) in C:\Commesse\C996 Siemens\094 - Enel SI Agordo\Sorgenti\Windas.NET\WindowsApplication1\FrmMain.vb:riga 611
04/10/2018 11.34.31	GestioneCasella errore: System.InvalidCastException: Cast non valido dalla stringa "" al tipo 'Double'. ---> System.FormatException: Formato della stringa di input non corretto.
   in Microsoft.VisualBasic.CompilerServices.Conversions.ParseDouble(String Value, NumberFormatInfo NumberFormat)
   in Microsoft.VisualBasic.CompilerServices.Conversions.ToDouble(String Value, NumberFormatInfo NumberFormat)
   --- Fine della traccia dello stack dell'eccezione interna ---
   in Microsoft.VisualBasic.CompilerServices.Conversions.ToDouble(String Value, NumberFormatInfo NumberFormat)
   in Microsoft.VisualBasic.CompilerServices.Conversions.ToDouble(Object Value, NumberFormatInfo NumberFormat)
   in WindasNet.FrmMain.GestioneCasella(Object TipoTag) in C:\Commesse\C996 Siemens\094 - Enel SI Agordo\Sorgenti\Windas.NET\WindowsApplication1\FrmMain.vb:riga 611
04/10/2018 11.34.31	GestioneCasella errore: System.InvalidCastException: Cast non valido dalla stringa "" al tipo 'Double'. ---> System.FormatException: Formato della stringa di input non corretto.
   in Microsoft.VisualBasic.CompilerServices.Conversions.ParseDouble(String Value, NumberFormatInfo NumberFormat)
   in Microsoft.VisualBasic.CompilerServices.Conversions.ToDouble(String Value, NumberFormatInfo NumberFormat)
   --- Fine della traccia dello stack dell'eccezione interna ---
   in Microsoft.VisualBasic.CompilerServices.Conversions.ToDouble(String Value, NumberFormatInfo NumberFormat)
   in Microsoft.VisualBasic.CompilerServices.Conversions.ToDouble(Object Value, NumberFormatInfo NumberFormat)
   in WindasNet.FrmMain.GestioneCasella(Object TipoTag) in C:\Commesse\C996 Siemens\094 - Enel SI Agordo\Sorgenti\Windas.NET\WindowsApplication1\FrmMain.vb:riga 611
