28/10/2019 00.33.04	Voce nella console del browser web: CefSharp.ConsoleMessageEventArgs
28/10/2019 02.11.59	Voce nella console del browser web: CefSharp.ConsoleMessageEventArgs
28/10/2019 03.05.19	Voce nella console del browser web: CefSharp.ConsoleMessageEventArgs
28/10/2019 04.07.29	Voce nella console del browser web: CefSharp.ConsoleMessageEventArgs
28/10/2019 04.52.19	Voce nella console del browser web: CefSharp.ConsoleMessageEventArgs
28/10/2019 04.57.09	Voce nella console del browser web: CefSharp.ConsoleMessageEventArgs
28/10/2019 05.14.37	Voce nella console del browser web: CefSharp.ConsoleMessageEventArgs
28/10/2019 05.41.49	Voce nella console del browser web: CefSharp.ConsoleMessageEventArgs
28/10/2019 06.24.18	Voce nella console del browser web: CefSharp.ConsoleMessageEventArgs
28/10/2019 06.37.12	Voce nella console del browser web: CefSharp.ConsoleMessageEventArgs
28/10/2019 07.18.22	Voce nella console del browser web: CefSharp.ConsoleMessageEventArgs
28/10/2019 11.07.44	Voce nella console del browser web: CefSharp.ConsoleMessageEventArgs
28/10/2019 11.48.15	Voce nella console del browser web: CefSharp.ConsoleMessageEventArgs
28/10/2019 12.22.09	Voce nella console del browser web: CefSharp.ConsoleMessageEventArgs
28/10/2019 13.39.55	Voce nella console del browser web: CefSharp.ConsoleMessageEventArgs
28/10/2019 14.10.23	Voce nella console del browser web: CefSharp.ConsoleMessageEventArgs
28/10/2019 15.50.42	Voce nella console del browser web: CefSharp.ConsoleMessageEventArgs
28/10/2019 17.20.06	Windas.NET avviato
28/10/2019 17.20.07	Premuto impianto fermo
28/10/2019 17.20.24	Premuto impianto minimo tecnico
28/10/2019 17.20.35	Premuto impianto in marcia
28/10/2019 17.58.12	Voce nella console del browser web: CefSharp.ConsoleMessageEventArgs
28/10/2019 17.59.01	Voce nella console del browser web: CefSharp.ConsoleMessageEventArgs
28/10/2019 18.16.07	Voce nella console del browser web: CefSharp.ConsoleMessageEventArgs
28/10/2019 18.20.47	Voce nella console del browser web: CefSharp.ConsoleMessageEventArgs
28/10/2019 20.29.22	Voce nella console del browser web: CefSharp.ConsoleMessageEventArgs
28/10/2019 20.46.57	Voce nella console del browser web: CefSharp.ConsoleMessageEventArgs
28/10/2019 21.43.58	Voce nella console del browser web: CefSharp.ConsoleMessageEventArgs
28/10/2019 21.48.53	Voce nella console del browser web: CefSharp.ConsoleMessageEventArgs
28/10/2019 22.04.11	Voce nella console del browser web: CefSharp.ConsoleMessageEventArgs
28/10/2019 22.48.46	Voce nella console del browser web: CefSharp.ConsoleMessageEventArgs
28/10/2019 23.04.28	Voce nella console del browser web: CefSharp.ConsoleMessageEventArgs
28/10/2019 23.59.41	Voce nella console del browser web: CefSharp.ConsoleMessageEventArgs
