11/09/2019 00.07.38	Voce nella console del browser web: CefSharp.ConsoleMessageEventArgs
11/09/2019 00.21.56	Voce nella console del browser web: CefSharp.ConsoleMessageEventArgs
11/09/2019 00.51.52	Voce nella console del browser web: CefSharp.ConsoleMessageEventArgs
11/09/2019 01.20.40	Voce nella console del browser web: CefSharp.ConsoleMessageEventArgs
11/09/2019 02.32.34	Voce nella console del browser web: CefSharp.ConsoleMessageEventArgs
11/09/2019 02.58.35	Voce nella console del browser web: CefSharp.ConsoleMessageEventArgs
11/09/2019 03.09.47	Voce nella console del browser web: CefSharp.ConsoleMessageEventArgs
11/09/2019 03.52.05	Voce nella console del browser web: CefSharp.ConsoleMessageEventArgs
11/09/2019 04.13.16	Voce nella console del browser web: CefSharp.ConsoleMessageEventArgs
11/09/2019 05.19.50	Voce nella console del browser web: CefSharp.ConsoleMessageEventArgs
11/09/2019 06.26.11	Voce nella console del browser web: CefSharp.ConsoleMessageEventArgs
11/09/2019 06.36.09	Voce nella console del browser web: CefSharp.ConsoleMessageEventArgs
11/09/2019 07.10.36	Voce nella console del browser web: CefSharp.ConsoleMessageEventArgs
11/09/2019 07.38.39	Voce nella console del browser web: CefSharp.ConsoleMessageEventArgs
11/09/2019 08.11.27	Voce nella console del browser web: CefSharp.ConsoleMessageEventArgs
11/09/2019 09.08.52	Voce nella console del browser web: CefSharp.ConsoleMessageEventArgs
11/09/2019 09.23.32	Windas.NET avviato
11/09/2019 09.23.32	Premuto impianto fermo
11/09/2019 09.23.48	Premuto impianto minimo tecnico
11/09/2019 09.23.55	Premuto impianto in marcia
11/09/2019 10.26.46	Voce nella console del browser web: CefSharp.ConsoleMessageEventArgs
11/09/2019 11.31.47	Voce nella console del browser web: CefSharp.ConsoleMessageEventArgs
11/09/2019 11.55.31	Voce nella console del browser web: CefSharp.ConsoleMessageEventArgs
11/09/2019 12.02.03	Voce nella console del browser web: CefSharp.ConsoleMessageEventArgs
11/09/2019 12.50.46	Voce nella console del browser web: CefSharp.ConsoleMessageEventArgs
11/09/2019 12.51.01	Voce nella console del browser web: CefSharp.ConsoleMessageEventArgs
11/09/2019 13.15.56	Voce nella console del browser web: CefSharp.ConsoleMessageEventArgs
11/09/2019 14.15.03	Voce nella console del browser web: CefSharp.ConsoleMessageEventArgs
11/09/2019 15.36.05	Voce nella console del browser web: CefSharp.ConsoleMessageEventArgs
11/09/2019 16.17.45	Voce nella console del browser web: CefSharp.ConsoleMessageEventArgs
11/09/2019 17.09.27	Voce nella console del browser web: CefSharp.ConsoleMessageEventArgs
11/09/2019 17.16.14	Voce nella console del browser web: CefSharp.ConsoleMessageEventArgs
11/09/2019 19.05.32	Voce nella console del browser web: CefSharp.ConsoleMessageEventArgs
11/09/2019 19.27.59	Voce nella console del browser web: CefSharp.ConsoleMessageEventArgs
11/09/2019 20.46.44	Voce nella console del browser web: CefSharp.ConsoleMessageEventArgs
11/09/2019 21.05.56	Voce nella console del browser web: CefSharp.ConsoleMessageEventArgs
11/09/2019 22.14.37	Voce nella console del browser web: CefSharp.ConsoleMessageEventArgs
11/09/2019 22.37.35	Voce nella console del browser web: CefSharp.ConsoleMessageEventArgs
11/09/2019 22.37.59	Voce nella console del browser web: CefSharp.ConsoleMessageEventArgs
11/09/2019 22.40.02	Voce nella console del browser web: CefSharp.ConsoleMessageEventArgs
11/09/2019 22.42.19	Voce nella console del browser web: CefSharp.ConsoleMessageEventArgs
11/09/2019 22.52.46	Voce nella console del browser web: CefSharp.ConsoleMessageEventArgs
