17/06/2019 00.11.11	Voce nella console del browser web: CefSharp.ConsoleMessageEventArgs
17/06/2019 00.33.46	Voce nella console del browser web: CefSharp.ConsoleMessageEventArgs
17/06/2019 01.19.10	Voce nella console del browser web: CefSharp.ConsoleMessageEventArgs
17/06/2019 02.49.14	Voce nella console del browser web: CefSharp.ConsoleMessageEventArgs
17/06/2019 03.38.13	Voce nella console del browser web: CefSharp.ConsoleMessageEventArgs
17/06/2019 04.41.47	Voce nella console del browser web: CefSharp.ConsoleMessageEventArgs
17/06/2019 05.00.35	Voce nella console del browser web: CefSharp.ConsoleMessageEventArgs
17/06/2019 05.04.28	Premuto impianto minimo tecnico
17/06/2019 05.05.02	Premuto impianto in marcia
17/06/2019 07.31.24	Windas.NET avviato
17/06/2019 07.31.24	Premuto impianto fermo
17/06/2019 07.31.40	Premuto impianto minimo tecnico
17/06/2019 07.31.46	Premuto impianto in marcia
17/06/2019 07.52.35	Voce nella console del browser web: CefSharp.ConsoleMessageEventArgs
17/06/2019 09.30.11	Windas.NET avviato
17/06/2019 09.30.12	Premuto impianto fermo
17/06/2019 09.30.33	Premuto impianto minimo tecnico
17/06/2019 09.30.39	Premuto impianto in marcia
17/06/2019 09.54.32	Voce nella console del browser web: CefSharp.ConsoleMessageEventArgs
17/06/2019 10.17.48	Voce nella console del browser web: CefSharp.ConsoleMessageEventArgs
17/06/2019 10.17.54	Premuto impianto minimo tecnico
17/06/2019 10.18.01	Premuto impianto in marcia
17/06/2019 10.46.06	Voce nella console del browser web: CefSharp.ConsoleMessageEventArgs
17/06/2019 10.54.41	Voce nella console del browser web: CefSharp.ConsoleMessageEventArgs
17/06/2019 12.12.33	Voce nella console del browser web: CefSharp.ConsoleMessageEventArgs
17/06/2019 13.03.55	Voce nella console del browser web: CefSharp.ConsoleMessageEventArgs
17/06/2019 13.25.36	Voce nella console del browser web: CefSharp.ConsoleMessageEventArgs
17/06/2019 13.38.26	Voce nella console del browser web: CefSharp.ConsoleMessageEventArgs
17/06/2019 14.03.58	Voce nella console del browser web: CefSharp.ConsoleMessageEventArgs
17/06/2019 14.09.22	Voce nella console del browser web: CefSharp.ConsoleMessageEventArgs
17/06/2019 14.11.24	Voce nella console del browser web: CefSharp.ConsoleMessageEventArgs
17/06/2019 14.14.06	Voce nella console del browser web: CefSharp.ConsoleMessageEventArgs
17/06/2019 14.31.32	Voce nella console del browser web: CefSharp.ConsoleMessageEventArgs
17/06/2019 14.36.21	Voce nella console del browser web: CefSharp.ConsoleMessageEventArgs
17/06/2019 15.50.18	Voce nella console del browser web: CefSharp.ConsoleMessageEventArgs
17/06/2019 15.57.05	Voce nella console del browser web: CefSharp.ConsoleMessageEventArgs
17/06/2019 16.04.49	Premuto impianto minimo tecnico
17/06/2019 19.19.37	Voce nella console del browser web: CefSharp.ConsoleMessageEventArgs
17/06/2019 21.18.18	Voce nella console del browser web: CefSharp.ConsoleMessageEventArgs
17/06/2019 22.41.54	Voce nella console del browser web: CefSharp.ConsoleMessageEventArgs
17/06/2019 23.18.18	Voce nella console del browser web: CefSharp.ConsoleMessageEventArgs
17/06/2019 23.27.47	Voce nella console del browser web: CefSharp.ConsoleMessageEventArgs
17/06/2019 23.42.21	Voce nella console del browser web: CefSharp.ConsoleMessageEventArgs
