10/02/2019 00.13.43	Voce nella console del browser web: CefSharp.ConsoleMessageEventArgs
10/02/2019 00.18.57	Voce nella console del browser web: CefSharp.ConsoleMessageEventArgs
10/02/2019 00.34.39	Voce nella console del browser web: CefSharp.ConsoleMessageEventArgs
10/02/2019 00.43.34	Voce nella console del browser web: CefSharp.ConsoleMessageEventArgs
10/02/2019 02.11.26	Voce nella console del browser web: CefSharp.ConsoleMessageEventArgs
10/02/2019 02.22.38	Voce nella console del browser web: CefSharp.ConsoleMessageEventArgs
10/02/2019 02.38.06	Voce nella console del browser web: CefSharp.ConsoleMessageEventArgs
10/02/2019 04.09.33	Voce nella console del browser web: CefSharp.ConsoleMessageEventArgs
10/02/2019 05.00.06	Voce nella console del browser web: CefSharp.ConsoleMessageEventArgs
10/02/2019 05.20.09	Voce nella console del browser web: CefSharp.ConsoleMessageEventArgs
10/02/2019 05.31.31	Voce nella console del browser web: CefSharp.ConsoleMessageEventArgs
10/02/2019 05.47.43	Voce nella console del browser web: CefSharp.ConsoleMessageEventArgs
10/02/2019 06.44.10	Voce nella console del browser web: CefSharp.ConsoleMessageEventArgs
10/02/2019 07.13.02	Voce nella console del browser web: CefSharp.ConsoleMessageEventArgs
10/02/2019 07.15.10	Voce nella console del browser web: CefSharp.ConsoleMessageEventArgs
10/02/2019 07.25.18	Voce nella console del browser web: CefSharp.ConsoleMessageEventArgs
10/02/2019 07.41.10	Voce nella console del browser web: CefSharp.ConsoleMessageEventArgs
10/02/2019 08.08.49	Voce nella console del browser web: CefSharp.ConsoleMessageEventArgs
10/02/2019 08.12.50	Voce nella console del browser web: CefSharp.ConsoleMessageEventArgs
10/02/2019 09.20.41	Premuto impianto minimo tecnico
10/02/2019 09.20.50	Premuto impianto in marcia
10/02/2019 09.32.10	Windas.NET avviato
10/02/2019 09.32.10	Premuto impianto fermo
10/02/2019 09.32.29	Premuto impianto minimo tecnico
10/02/2019 09.32.37	Premuto impianto in marcia
10/02/2019 09.49.54	Voce nella console del browser web: CefSharp.ConsoleMessageEventArgs
10/02/2019 10.29.49	Voce nella console del browser web: CefSharp.ConsoleMessageEventArgs
10/02/2019 10.31.27	Voce nella console del browser web: CefSharp.ConsoleMessageEventArgs
10/02/2019 11.00.59	Voce nella console del browser web: CefSharp.ConsoleMessageEventArgs
10/02/2019 11.02.37	Voce nella console del browser web: CefSharp.ConsoleMessageEventArgs
10/02/2019 11.49.34	Voce nella console del browser web: CefSharp.ConsoleMessageEventArgs
10/02/2019 12.06.30	Voce nella console del browser web: CefSharp.ConsoleMessageEventArgs
10/02/2019 12.47.29	Voce nella console del browser web: CefSharp.ConsoleMessageEventArgs
10/02/2019 13.22.35	Voce nella console del browser web: CefSharp.ConsoleMessageEventArgs
10/02/2019 13.53.11	Voce nella console del browser web: CefSharp.ConsoleMessageEventArgs
10/02/2019 14.21.04	Voce nella console del browser web: CefSharp.ConsoleMessageEventArgs
10/02/2019 15.29.03	Voce nella console del browser web: CefSharp.ConsoleMessageEventArgs
10/02/2019 15.37.04	Voce nella console del browser web: CefSharp.ConsoleMessageEventArgs
10/02/2019 16.49.48	Voce nella console del browser web: CefSharp.ConsoleMessageEventArgs
10/02/2019 17.21.03	Voce nella console del browser web: CefSharp.ConsoleMessageEventArgs
10/02/2019 18.00.19	Voce nella console del browser web: CefSharp.ConsoleMessageEventArgs
10/02/2019 18.41.37	Voce nella console del browser web: CefSharp.ConsoleMessageEventArgs
10/02/2019 19.27.16	Voce nella console del browser web: CefSharp.ConsoleMessageEventArgs
10/02/2019 22.37.57	Voce nella console del browser web: CefSharp.ConsoleMessageEventArgs
10/02/2019 23.19.31	Voce nella console del browser web: CefSharp.ConsoleMessageEventArgs
