01/11/2019 00.03.26	Voce nella console del browser web: CefSharp.ConsoleMessageEventArgs
01/11/2019 00.26.11	Voce nella console del browser web: CefSharp.ConsoleMessageEventArgs
01/11/2019 00.47.52	Voce nella console del browser web: CefSharp.ConsoleMessageEventArgs
01/11/2019 01.17.09	Voce nella console del browser web: CefSharp.ConsoleMessageEventArgs
01/11/2019 01.19.36	Voce nella console del browser web: CefSharp.ConsoleMessageEventArgs
01/11/2019 01.57.43	Voce nella console del browser web: CefSharp.ConsoleMessageEventArgs
01/11/2019 02.00.20	Voce nella console del browser web: CefSharp.ConsoleMessageEventArgs
01/11/2019 03.51.40	Voce nella console del browser web: CefSharp.ConsoleMessageEventArgs
01/11/2019 04.30.42	Voce nella console del browser web: CefSharp.ConsoleMessageEventArgs
01/11/2019 04.35.17	Voce nella console del browser web: CefSharp.ConsoleMessageEventArgs
01/11/2019 04.42.39	Voce nella console del browser web: CefSharp.ConsoleMessageEventArgs
01/11/2019 05.52.40	Voce nella console del browser web: CefSharp.ConsoleMessageEventArgs
01/11/2019 06.18.02	Voce nella console del browser web: CefSharp.ConsoleMessageEventArgs
01/11/2019 08.09.08	Voce nella console del browser web: CefSharp.ConsoleMessageEventArgs
01/11/2019 08.20.35	Voce nella console del browser web: CefSharp.ConsoleMessageEventArgs
01/11/2019 08.23.26	Voce nella console del browser web: CefSharp.ConsoleMessageEventArgs
01/11/2019 08.29.25	Voce nella console del browser web: CefSharp.ConsoleMessageEventArgs
01/11/2019 08.53.58	Windas.NET avviato
01/11/2019 08.53.59	Premuto impianto fermo
01/11/2019 09.12.33	Voce nella console del browser web: CefSharp.ConsoleMessageEventArgs
01/11/2019 09.57.03	Voce nella console del browser web: CefSharp.ConsoleMessageEventArgs
01/11/2019 09.57.22	Voce nella console del browser web: CefSharp.ConsoleMessageEventArgs
01/11/2019 11.38.28	Voce nella console del browser web: CefSharp.ConsoleMessageEventArgs
01/11/2019 13.26.56	Voce nella console del browser web: CefSharp.ConsoleMessageEventArgs
01/11/2019 14.25.50	Voce nella console del browser web: CefSharp.ConsoleMessageEventArgs
01/11/2019 14.30.44	Voce nella console del browser web: CefSharp.ConsoleMessageEventArgs
01/11/2019 14.51.26	Voce nella console del browser web: CefSharp.ConsoleMessageEventArgs
01/11/2019 14.59.17	Voce nella console del browser web: CefSharp.ConsoleMessageEventArgs
01/11/2019 15.08.37	Voce nella console del browser web: CefSharp.ConsoleMessageEventArgs
01/11/2019 15.23.01	Voce nella console del browser web: CefSharp.ConsoleMessageEventArgs
01/11/2019 17.30.52	Voce nella console del browser web: CefSharp.ConsoleMessageEventArgs
01/11/2019 17.51.43	Voce nella console del browser web: CefSharp.ConsoleMessageEventArgs
01/11/2019 18.36.08	Voce nella console del browser web: CefSharp.ConsoleMessageEventArgs
01/11/2019 18.40.18	Voce nella console del browser web: CefSharp.ConsoleMessageEventArgs
01/11/2019 18.41.12	Voce nella console del browser web: CefSharp.ConsoleMessageEventArgs
01/11/2019 19.06.19	Voce nella console del browser web: CefSharp.ConsoleMessageEventArgs
01/11/2019 19.45.35	Voce nella console del browser web: CefSharp.ConsoleMessageEventArgs
01/11/2019 20.15.22	Voce nella console del browser web: CefSharp.ConsoleMessageEventArgs
01/11/2019 20.23.10	Premuto impianto minimo tecnico
01/11/2019 20.23.27	Premuto impianto in marcia
01/11/2019 20.33.36	Voce nella console del browser web: CefSharp.ConsoleMessageEventArgs
01/11/2019 22.01.27	Voce nella console del browser web: CefSharp.ConsoleMessageEventArgs
01/11/2019 23.10.59	Voce nella console del browser web: CefSharp.ConsoleMessageEventArgs
01/11/2019 23.35.32	Voce nella console del browser web: CefSharp.ConsoleMessageEventArgs
01/11/2019 23.42.58	Voce nella console del browser web: CefSharp.ConsoleMessageEventArgs
