23/11/2019 00.34.17	Voce nella console del browser web: CefSharp.ConsoleMessageEventArgs
23/11/2019 00.45.54	Voce nella console del browser web: CefSharp.ConsoleMessageEventArgs
23/11/2019 02.00.45	Voce nella console del browser web: CefSharp.ConsoleMessageEventArgs
23/11/2019 02.08.46	Voce nella console del browser web: CefSharp.ConsoleMessageEventArgs
23/11/2019 02.11.13	Voce nella console del browser web: CefSharp.ConsoleMessageEventArgs
23/11/2019 04.10.24	Voce nella console del browser web: CefSharp.ConsoleMessageEventArgs
23/11/2019 04.11.53	Voce nella console del browser web: CefSharp.ConsoleMessageEventArgs
23/11/2019 04.41.20	Voce nella console del browser web: CefSharp.ConsoleMessageEventArgs
23/11/2019 05.06.36	Voce nella console del browser web: CefSharp.ConsoleMessageEventArgs
23/11/2019 05.12.44	Voce nella console del browser web: CefSharp.ConsoleMessageEventArgs
23/11/2019 05.32.27	Voce nella console del browser web: CefSharp.ConsoleMessageEventArgs
23/11/2019 06.56.47	Voce nella console del browser web: CefSharp.ConsoleMessageEventArgs
23/11/2019 08.27.05	Voce nella console del browser web: CefSharp.ConsoleMessageEventArgs
23/11/2019 09.11.50	Voce nella console del browser web: CefSharp.ConsoleMessageEventArgs
23/11/2019 11.06.10	Voce nella console del browser web: CefSharp.ConsoleMessageEventArgs
23/11/2019 11.11.09	Voce nella console del browser web: CefSharp.ConsoleMessageEventArgs
23/11/2019 11.25.04	Voce nella console del browser web: CefSharp.ConsoleMessageEventArgs
23/11/2019 12.08.43	Premuto impianto fermo
23/11/2019 12.16.19	Windas.NET avviato
23/11/2019 12.16.19	Premuto impianto fermo
23/11/2019 12.16.36	Premuto impianto minimo tecnico
23/11/2019 12.16.58	Premuto impianto in marcia
23/11/2019 13.04.32	Voce nella console del browser web: CefSharp.ConsoleMessageEventArgs
23/11/2019 13.37.07	Voce nella console del browser web: CefSharp.ConsoleMessageEventArgs
23/11/2019 14.08.34	Voce nella console del browser web: CefSharp.ConsoleMessageEventArgs
23/11/2019 14.15.31	Voce nella console del browser web: CefSharp.ConsoleMessageEventArgs
23/11/2019 15.02.34	Voce nella console del browser web: CefSharp.ConsoleMessageEventArgs
23/11/2019 16.53.50	Voce nella console del browser web: CefSharp.ConsoleMessageEventArgs
23/11/2019 18.14.04	Voce nella console del browser web: CefSharp.ConsoleMessageEventArgs
23/11/2019 18.41.14	Voce nella console del browser web: CefSharp.ConsoleMessageEventArgs
23/11/2019 19.05.07	Voce nella console del browser web: CefSharp.ConsoleMessageEventArgs
23/11/2019 20.02.57	Voce nella console del browser web: CefSharp.ConsoleMessageEventArgs
23/11/2019 21.31.27	Voce nella console del browser web: CefSharp.ConsoleMessageEventArgs
23/11/2019 22.09.15	Voce nella console del browser web: CefSharp.ConsoleMessageEventArgs
23/11/2019 23.04.47	Voce nella console del browser web: CefSharp.ConsoleMessageEventArgs
23/11/2019 23.05.51	Voce nella console del browser web: CefSharp.ConsoleMessageEventArgs
23/11/2019 23.44.23	Voce nella console del browser web: CefSharp.ConsoleMessageEventArgs
23/11/2019 23.47.44	Voce nella console del browser web: CefSharp.ConsoleMessageEventArgs
