24/12/2019 08.38.09	Windas.NET avviato
24/12/2019 08.38.13	Premuto impianto fermo
24/12/2019 10.48.55	Premuto impianto minimo tecnico
24/12/2019 10.49.06	Premuto impianto in marcia
24/12/2019 10.56.02	Voce nella console del browser web: CefSharp.ConsoleMessageEventArgs
24/12/2019 11.58.52	Voce nella console del browser web: CefSharp.ConsoleMessageEventArgs
24/12/2019 13.25.05	Voce nella console del browser web: CefSharp.ConsoleMessageEventArgs
24/12/2019 13.28.46	Voce nella console del browser web: CefSharp.ConsoleMessageEventArgs
24/12/2019 14.38.33	Voce nella console del browser web: CefSharp.ConsoleMessageEventArgs
24/12/2019 14.59.39	Voce nella console del browser web: CefSharp.ConsoleMessageEventArgs
24/12/2019 15.31.18	Voce nella console del browser web: CefSharp.ConsoleMessageEventArgs
24/12/2019 15.53.53	Voce nella console del browser web: CefSharp.ConsoleMessageEventArgs
24/12/2019 16.12.57	Voce nella console del browser web: CefSharp.ConsoleMessageEventArgs
24/12/2019 16.32.25	Voce nella console del browser web: CefSharp.ConsoleMessageEventArgs
24/12/2019 16.52.57	Voce nella console del browser web: CefSharp.ConsoleMessageEventArgs
24/12/2019 18.11.49	Voce nella console del browser web: CefSharp.ConsoleMessageEventArgs
24/12/2019 19.58.34	Voce nella console del browser web: CefSharp.ConsoleMessageEventArgs
24/12/2019 21.15.23	Voce nella console del browser web: CefSharp.ConsoleMessageEventArgs
24/12/2019 21.32.44	Voce nella console del browser web: CefSharp.ConsoleMessageEventArgs
24/12/2019 22.02.20	Voce nella console del browser web: CefSharp.ConsoleMessageEventArgs
24/12/2019 22.24.11	Voce nella console del browser web: CefSharp.ConsoleMessageEventArgs
24/12/2019 23.58.50	Voce nella console del browser web: CefSharp.ConsoleMessageEventArgs
