09/02/2019 00.19.56	Voce nella console del browser web: CefSharp.ConsoleMessageEventArgs
09/02/2019 00.22.52	Voce nella console del browser web: CefSharp.ConsoleMessageEventArgs
09/02/2019 00.28.21	Voce nella console del browser web: CefSharp.ConsoleMessageEventArgs
09/02/2019 00.29.19	Voce nella console del browser web: CefSharp.ConsoleMessageEventArgs
09/02/2019 00.44.46	Voce nella console del browser web: CefSharp.ConsoleMessageEventArgs
09/02/2019 00.48.02	Voce nella console del browser web: CefSharp.ConsoleMessageEventArgs
09/02/2019 01.10.15	Voce nella console del browser web: CefSharp.ConsoleMessageEventArgs
09/02/2019 02.28.20	Voce nella console del browser web: CefSharp.ConsoleMessageEventArgs
09/02/2019 02.50.28	Voce nella console del browser web: CefSharp.ConsoleMessageEventArgs
09/02/2019 03.21.36	Voce nella console del browser web: CefSharp.ConsoleMessageEventArgs
09/02/2019 03.37.02	Voce nella console del browser web: CefSharp.ConsoleMessageEventArgs
09/02/2019 04.07.30	Voce nella console del browser web: CefSharp.ConsoleMessageEventArgs
09/02/2019 04.43.22	Voce nella console del browser web: CefSharp.ConsoleMessageEventArgs
09/02/2019 05.01.00	Voce nella console del browser web: CefSharp.ConsoleMessageEventArgs
09/02/2019 05.10.24	Voce nella console del browser web: CefSharp.ConsoleMessageEventArgs
09/02/2019 05.27.28	Voce nella console del browser web: CefSharp.ConsoleMessageEventArgs
09/02/2019 07.02.08	Voce nella console del browser web: CefSharp.ConsoleMessageEventArgs
09/02/2019 08.17.47	Voce nella console del browser web: CefSharp.ConsoleMessageEventArgs
09/02/2019 10.31.38	Windas.NET avviato
09/02/2019 10.31.38	Premuto impianto fermo
09/02/2019 10.31.56	Premuto impianto minimo tecnico
09/02/2019 10.32.05	Premuto impianto in marcia
09/02/2019 10.37.51	Voce nella console del browser web: CefSharp.ConsoleMessageEventArgs
09/02/2019 11.32.40	Voce nella console del browser web: CefSharp.ConsoleMessageEventArgs
09/02/2019 12.31.44	Voce nella console del browser web: CefSharp.ConsoleMessageEventArgs
09/02/2019 12.50.47	Voce nella console del browser web: CefSharp.ConsoleMessageEventArgs
09/02/2019 14.35.49	Voce nella console del browser web: CefSharp.ConsoleMessageEventArgs
09/02/2019 14.40.09	Voce nella console del browser web: CefSharp.ConsoleMessageEventArgs
09/02/2019 14.51.56	Voce nella console del browser web: CefSharp.ConsoleMessageEventArgs
09/02/2019 15.43.33	Voce nella console del browser web: CefSharp.ConsoleMessageEventArgs
09/02/2019 16.44.34	Voce nella console del browser web: CefSharp.ConsoleMessageEventArgs
09/02/2019 17.04.02	Voce nella console del browser web: CefSharp.ConsoleMessageEventArgs
09/02/2019 17.13.51	Voce nella console del browser web: CefSharp.ConsoleMessageEventArgs
09/02/2019 17.16.48	Voce nella console del browser web: CefSharp.ConsoleMessageEventArgs
09/02/2019 17.55.47	Windas.NET avviato
09/02/2019 17.55.47	Premuto impianto fermo
09/02/2019 19.32.14	Voce nella console del browser web: CefSharp.ConsoleMessageEventArgs
09/02/2019 19.32.18	Voce nella console del browser web: CefSharp.ConsoleMessageEventArgs
09/02/2019 19.55.18	Voce nella console del browser web: CefSharp.ConsoleMessageEventArgs
09/02/2019 20.23.21	Voce nella console del browser web: CefSharp.ConsoleMessageEventArgs
09/02/2019 21.29.12	Voce nella console del browser web: CefSharp.ConsoleMessageEventArgs
09/02/2019 21.44.11	Voce nella console del browser web: CefSharp.ConsoleMessageEventArgs
09/02/2019 22.03.39	Voce nella console del browser web: CefSharp.ConsoleMessageEventArgs
09/02/2019 22.49.37	Voce nella console del browser web: CefSharp.ConsoleMessageEventArgs
