22/12/2019 00.31.30	Voce nella console del browser web: CefSharp.ConsoleMessageEventArgs
22/12/2019 01.02.30	Voce nella console del browser web: CefSharp.ConsoleMessageEventArgs
22/12/2019 01.03.00	Voce nella console del browser web: CefSharp.ConsoleMessageEventArgs
22/12/2019 01.06.16	Voce nella console del browser web: CefSharp.ConsoleMessageEventArgs
22/12/2019 02.14.39	Voce nella console del browser web: CefSharp.ConsoleMessageEventArgs
22/12/2019 02.36.55	Voce nella console del browser web: CefSharp.ConsoleMessageEventArgs
22/12/2019 02.44.31	Voce nella console del browser web: CefSharp.ConsoleMessageEventArgs
22/12/2019 04.03.18	Voce nella console del browser web: CefSharp.ConsoleMessageEventArgs
22/12/2019 04.50.15	Voce nella console del browser web: CefSharp.ConsoleMessageEventArgs
22/12/2019 05.27.19	Voce nella console del browser web: CefSharp.ConsoleMessageEventArgs
22/12/2019 06.26.57	Voce nella console del browser web: CefSharp.ConsoleMessageEventArgs
22/12/2019 07.58.05	Voce nella console del browser web: CefSharp.ConsoleMessageEventArgs
22/12/2019 08.31.23	Voce nella console del browser web: CefSharp.ConsoleMessageEventArgs
22/12/2019 08.37.34	Windas.NET avviato
22/12/2019 08.37.37	Premuto impianto fermo
22/12/2019 09.20.25	Voce nella console del browser web: CefSharp.ConsoleMessageEventArgs
22/12/2019 09.34.19	Voce nella console del browser web: CefSharp.ConsoleMessageEventArgs
22/12/2019 10.44.15	Voce nella console del browser web: CefSharp.ConsoleMessageEventArgs
22/12/2019 11.06.15	Premuto impianto minimo tecnico
22/12/2019 11.06.29	Premuto impianto minimo tecnico
22/12/2019 11.07.00	Premuto impianto minimo tecnico
22/12/2019 11.12.29	Windas.NET avviato
22/12/2019 11.12.32	Premuto impianto fermo
22/12/2019 11.13.01	Premuto impianto minimo tecnico
22/12/2019 11.13.18	Premuto impianto minimo tecnico
22/12/2019 11.13.45	Premuto impianto minimo tecnico
22/12/2019 11.14.09	Premuto impianto in marcia
22/12/2019 11.20.38	Windas.NET avviato
22/12/2019 11.20.41	Premuto impianto fermo
22/12/2019 11.21.43	Premuto impianto minimo tecnico
22/12/2019 11.21.53	Premuto impianto in marcia
22/12/2019 11.25.51	Windas.NET avviato
22/12/2019 11.25.56	Premuto impianto fermo
22/12/2019 11.26.34	Premuto impianto minimo tecnico
22/12/2019 11.26.43	Premuto impianto in marcia
