13/11/2019 00.08.13	Voce nella console del browser web: CefSharp.ConsoleMessageEventArgs
13/11/2019 00.17.42	Voce nella console del browser web: CefSharp.ConsoleMessageEventArgs
13/11/2019 01.09.39	Voce nella console del browser web: CefSharp.ConsoleMessageEventArgs
13/11/2019 01.14.13	Voce nella console del browser web: CefSharp.ConsoleMessageEventArgs
13/11/2019 01.23.18	Voce nella console del browser web: CefSharp.ConsoleMessageEventArgs
13/11/2019 01.29.07	Voce nella console del browser web: CefSharp.ConsoleMessageEventArgs
13/11/2019 02.08.27	Voce nella console del browser web: CefSharp.ConsoleMessageEventArgs
13/11/2019 03.42.17	Voce nella console del browser web: CefSharp.ConsoleMessageEventArgs
13/11/2019 03.46.52	Voce nella console del browser web: CefSharp.ConsoleMessageEventArgs
13/11/2019 03.54.18	Voce nella console del browser web: CefSharp.ConsoleMessageEventArgs
13/11/2019 04.37.10	Voce nella console del browser web: CefSharp.ConsoleMessageEventArgs
13/11/2019 05.09.04	Voce nella console del browser web: CefSharp.ConsoleMessageEventArgs
13/11/2019 05.18.39	Voce nella console del browser web: CefSharp.ConsoleMessageEventArgs
13/11/2019 06.00.41	Voce nella console del browser web: CefSharp.ConsoleMessageEventArgs
13/11/2019 06.24.35	Premuto impianto minimo tecnico
13/11/2019 06.26.31	Voce nella console del browser web: CefSharp.ConsoleMessageEventArgs
13/11/2019 06.49.40	Voce nella console del browser web: CefSharp.ConsoleMessageEventArgs
13/11/2019 07.30.44	Voce nella console del browser web: CefSharp.ConsoleMessageEventArgs
13/11/2019 07.36.57	Voce nella console del browser web: CefSharp.ConsoleMessageEventArgs
13/11/2019 07.52.39	Voce nella console del browser web: CefSharp.ConsoleMessageEventArgs
13/11/2019 09.14.57	Voce nella console del browser web: CefSharp.ConsoleMessageEventArgs
13/11/2019 09.30.44	Voce nella console del browser web: CefSharp.ConsoleMessageEventArgs
13/11/2019 13.11.02	Premuto impianto in marcia
13/11/2019 15.41.10	Windas.NET avviato
13/11/2019 15.41.11	Premuto impianto fermo
13/11/2019 15.41.23	Premuto impianto minimo tecnico
13/11/2019 15.41.29	Premuto impianto in marcia
13/11/2019 16.06.56	Voce nella console del browser web: CefSharp.ConsoleMessageEventArgs
13/11/2019 16.47.30	Voce nella console del browser web: CefSharp.ConsoleMessageEventArgs
13/11/2019 17.41.30	Voce nella console del browser web: CefSharp.ConsoleMessageEventArgs
13/11/2019 18.43.35	Voce nella console del browser web: CefSharp.ConsoleMessageEventArgs
13/11/2019 21.32.09	Voce nella console del browser web: CefSharp.ConsoleMessageEventArgs
13/11/2019 23.12.56	Voce nella console del browser web: CefSharp.ConsoleMessageEventArgs
13/11/2019 23.32.14	Voce nella console del browser web: CefSharp.ConsoleMessageEventArgs
13/11/2019 23.38.17	Voce nella console del browser web: CefSharp.ConsoleMessageEventArgs
