14/02/2019 00.57.11	Voce nella console del browser web: CefSharp.ConsoleMessageEventArgs
14/02/2019 02.50.14	Voce nella console del browser web: CefSharp.ConsoleMessageEventArgs
14/02/2019 03.00.32	Voce nella console del browser web: CefSharp.ConsoleMessageEventArgs
14/02/2019 03.59.25	Windas.NET avviato
14/02/2019 03.59.27	Premuto impianto fermo
14/02/2019 04.45.40	Voce nella console del browser web: CefSharp.ConsoleMessageEventArgs
14/02/2019 05.01.12	Voce nella console del browser web: CefSharp.ConsoleMessageEventArgs
14/02/2019 05.11.06	Voce nella console del browser web: CefSharp.ConsoleMessageEventArgs
14/02/2019 06.20.13	Voce nella console del browser web: CefSharp.ConsoleMessageEventArgs
14/02/2019 06.23.44	Voce nella console del browser web: CefSharp.ConsoleMessageEventArgs
14/02/2019 06.33.53	Voce nella console del browser web: CefSharp.ConsoleMessageEventArgs
14/02/2019 06.46.48	Voce nella console del browser web: CefSharp.ConsoleMessageEventArgs
14/02/2019 08.16.17	Voce nella console del browser web: CefSharp.ConsoleMessageEventArgs
14/02/2019 08.20.08	Voce nella console del browser web: CefSharp.ConsoleMessageEventArgs
14/02/2019 08.24.52	Voce nella console del browser web: CefSharp.ConsoleMessageEventArgs
14/02/2019 08.25.42	Voce nella console del browser web: CefSharp.ConsoleMessageEventArgs
14/02/2019 08.33.52	Voce nella console del browser web: CefSharp.ConsoleMessageEventArgs
14/02/2019 08.55.18	Voce nella console del browser web: CefSharp.ConsoleMessageEventArgs
14/02/2019 09.02.40	Voce nella console del browser web: CefSharp.ConsoleMessageEventArgs
14/02/2019 09.12.17	Premuto impianto minimo tecnico
14/02/2019 09.12.24	Premuto impianto in marcia
14/02/2019 09.33.48	Voce nella console del browser web: CefSharp.ConsoleMessageEventArgs
14/02/2019 09.47.21	Voce nella console del browser web: CefSharp.ConsoleMessageEventArgs
14/02/2019 10.47.42	Voce nella console del browser web: CefSharp.ConsoleMessageEventArgs
14/02/2019 11.43.09	Voce nella console del browser web: CefSharp.ConsoleMessageEventArgs
14/02/2019 13.04.18	Voce nella console del browser web: CefSharp.ConsoleMessageEventArgs
14/02/2019 13.17.22	Voce nella console del browser web: CefSharp.ConsoleMessageEventArgs
14/02/2019 13.45.01	Voce nella console del browser web: CefSharp.ConsoleMessageEventArgs
14/02/2019 14.22.48	Voce nella console del browser web: CefSharp.ConsoleMessageEventArgs
14/02/2019 15.09.06	Voce nella console del browser web: CefSharp.ConsoleMessageEventArgs
14/02/2019 16.05.28	Voce nella console del browser web: CefSharp.ConsoleMessageEventArgs
14/02/2019 16.47.00	Voce nella console del browser web: CefSharp.ConsoleMessageEventArgs
14/02/2019 17.00.59	Voce nella console del browser web: CefSharp.ConsoleMessageEventArgs
14/02/2019 17.23.39	Voce nella console del browser web: CefSharp.ConsoleMessageEventArgs
14/02/2019 19.54.04	Voce nella console del browser web: CefSharp.ConsoleMessageEventArgs
14/02/2019 20.11.24	Voce nella console del browser web: CefSharp.ConsoleMessageEventArgs
14/02/2019 20.53.52	Voce nella console del browser web: CefSharp.ConsoleMessageEventArgs
14/02/2019 21.38.26	Voce nella console del browser web: CefSharp.ConsoleMessageEventArgs
14/02/2019 22.10.10	Voce nella console del browser web: CefSharp.ConsoleMessageEventArgs
14/02/2019 22.20.39	Voce nella console del browser web: CefSharp.ConsoleMessageEventArgs
14/02/2019 22.26.07	Voce nella console del browser web: CefSharp.ConsoleMessageEventArgs
14/02/2019 22.46.19	Voce nella console del browser web: CefSharp.ConsoleMessageEventArgs
14/02/2019 23.25.25	Voce nella console del browser web: CefSharp.ConsoleMessageEventArgs
14/02/2019 23.33.07	Voce nella console del browser web: CefSharp.ConsoleMessageEventArgs
14/02/2019 23.41.47	Voce nella console del browser web: CefSharp.ConsoleMessageEventArgs
14/02/2019 23.46.12	Voce nella console del browser web: CefSharp.ConsoleMessageEventArgs
