23/03/2020 00.05.21	Voce nella console del browser web: CefSharp.ConsoleMessageEventArgs
23/03/2020 02.18.04	Voce nella console del browser web: CefSharp.ConsoleMessageEventArgs
23/03/2020 02.49.09	Voce nella console del browser web: CefSharp.ConsoleMessageEventArgs
23/03/2020 05.43.58	Voce nella console del browser web: CefSharp.ConsoleMessageEventArgs
23/03/2020 05.46.40	Voce nella console del browser web: CefSharp.ConsoleMessageEventArgs
23/03/2020 06.41.57	Voce nella console del browser web: CefSharp.ConsoleMessageEventArgs
23/03/2020 07.26.57	Voce nella console del browser web: CefSharp.ConsoleMessageEventArgs
23/03/2020 08.35.59	Voce nella console del browser web: CefSharp.ConsoleMessageEventArgs
23/03/2020 08.42.51	Windas.NET avviato
23/03/2020 08.42.54	Premuto impianto fermo
23/03/2020 08.43.57	Voce nella console del browser web: CefSharp.ConsoleMessageEventArgs
23/03/2020 09.52.00	Voce nella console del browser web: CefSharp.ConsoleMessageEventArgs
23/03/2020 10.01.35	Voce nella console del browser web: CefSharp.ConsoleMessageEventArgs
23/03/2020 11.43.01	Voce nella console del browser web: CefSharp.ConsoleMessageEventArgs
23/03/2020 11.43.52	Premuto impianto minimo tecnico
23/03/2020 11.44.08	Premuto impianto in marcia
23/03/2020 11.49.53	Voce nella console del browser web: CefSharp.ConsoleMessageEventArgs
23/03/2020 12.50.34	Voce nella console del browser web: CefSharp.ConsoleMessageEventArgs
23/03/2020 13.18.13	Voce nella console del browser web: CefSharp.ConsoleMessageEventArgs
23/03/2020 15.13.23	Voce nella console del browser web: CefSharp.ConsoleMessageEventArgs
23/03/2020 17.59.46	Voce nella console del browser web: CefSharp.ConsoleMessageEventArgs
23/03/2020 18.24.03	Voce nella console del browser web: CefSharp.ConsoleMessageEventArgs
23/03/2020 18.49.39	Voce nella console del browser web: CefSharp.ConsoleMessageEventArgs
23/03/2020 18.57.01	Voce nella console del browser web: CefSharp.ConsoleMessageEventArgs
23/03/2020 19.01.41	Voce nella console del browser web: CefSharp.ConsoleMessageEventArgs
23/03/2020 19.10.55	Voce nella console del browser web: CefSharp.ConsoleMessageEventArgs
23/03/2020 19.20.25	Voce nella console del browser web: CefSharp.ConsoleMessageEventArgs
23/03/2020 19.38.54	Voce nella console del browser web: CefSharp.ConsoleMessageEventArgs
23/03/2020 20.31.35	Voce nella console del browser web: CefSharp.ConsoleMessageEventArgs
23/03/2020 22.47.19	Voce nella console del browser web: CefSharp.ConsoleMessageEventArgs
23/03/2020 23.06.32	Voce nella console del browser web: CefSharp.ConsoleMessageEventArgs
23/03/2020 23.15.17	Voce nella console del browser web: CefSharp.ConsoleMessageEventArgs
23/03/2020 23.17.10	Voce nella console del browser web: CefSharp.ConsoleMessageEventArgs
23/03/2020 23.17.30	Voce nella console del browser web: CefSharp.ConsoleMessageEventArgs
23/03/2020 23.58.19	Voce nella console del browser web: CefSharp.ConsoleMessageEventArgs
