14/02/2020 08.40.01	Windas.NET avviato
14/02/2020 08.40.02	Premuto impianto fermo
14/02/2020 09.04.43	Voce nella console del browser web: CefSharp.ConsoleMessageEventArgs
14/02/2020 09.30.15	Voce nella console del browser web: CefSharp.ConsoleMessageEventArgs
14/02/2020 09.33.36	Voce nella console del browser web: CefSharp.ConsoleMessageEventArgs
14/02/2020 09.42.55	Premuto impianto minimo tecnico
14/02/2020 09.43.15	Premuto impianto in marcia
14/02/2020 10.30.27	Voce nella console del browser web: CefSharp.ConsoleMessageEventArgs
14/02/2020 12.01.15	Voce nella console del browser web: CefSharp.ConsoleMessageEventArgs
14/02/2020 12.06.14	Voce nella console del browser web: CefSharp.ConsoleMessageEventArgs
14/02/2020 12.27.50	Voce nella console del browser web: CefSharp.ConsoleMessageEventArgs
14/02/2020 12.34.18	Voce nella console del browser web: CefSharp.ConsoleMessageEventArgs
14/02/2020 15.54.27	Voce nella console del browser web: CefSharp.ConsoleMessageEventArgs
14/02/2020 18.02.48	Voce nella console del browser web: CefSharp.ConsoleMessageEventArgs
14/02/2020 18.03.52	Voce nella console del browser web: CefSharp.ConsoleMessageEventArgs
14/02/2020 18.13.46	Voce nella console del browser web: CefSharp.ConsoleMessageEventArgs
14/02/2020 18.24.29	Voce nella console del browser web: CefSharp.ConsoleMessageEventArgs
14/02/2020 18.51.34	Voce nella console del browser web: CefSharp.ConsoleMessageEventArgs
14/02/2020 19.01.32	Voce nella console del browser web: CefSharp.ConsoleMessageEventArgs
14/02/2020 19.56.01	Voce nella console del browser web: CefSharp.ConsoleMessageEventArgs
14/02/2020 20.58.07	Voce nella console del browser web: CefSharp.ConsoleMessageEventArgs
14/02/2020 21.22.29	Voce nella console del browser web: CefSharp.ConsoleMessageEventArgs
14/02/2020 21.37.27	Voce nella console del browser web: CefSharp.ConsoleMessageEventArgs
14/02/2020 21.37.57	Voce nella console del browser web: CefSharp.ConsoleMessageEventArgs
14/02/2020 21.44.25	Voce nella console del browser web: CefSharp.ConsoleMessageEventArgs
14/02/2020 22.39.28	Voce nella console del browser web: CefSharp.ConsoleMessageEventArgs
14/02/2020 22.40.41	Voce nella console del browser web: CefSharp.ConsoleMessageEventArgs
