11/03/2020 00.02.28	Voce nella console del browser web: CefSharp.ConsoleMessageEventArgs
11/03/2020 01.01.29	Voce nella console del browser web: CefSharp.ConsoleMessageEventArgs
11/03/2020 01.02.48	Voce nella console del browser web: CefSharp.ConsoleMessageEventArgs
11/03/2020 01.04.11	Voce nella console del browser web: CefSharp.ConsoleMessageEventArgs
11/03/2020 01.43.32	Voce nella console del browser web: CefSharp.ConsoleMessageEventArgs
11/03/2020 02.19.07	Voce nella console del browser web: CefSharp.ConsoleMessageEventArgs
11/03/2020 04.06.46	Voce nella console del browser web: CefSharp.ConsoleMessageEventArgs
11/03/2020 04.18.18	Voce nella console del browser web: CefSharp.ConsoleMessageEventArgs
11/03/2020 05.07.23	Voce nella console del browser web: CefSharp.ConsoleMessageEventArgs
11/03/2020 05.24.43	Voce nella console del browser web: CefSharp.ConsoleMessageEventArgs
11/03/2020 06.43.15	Voce nella console del browser web: CefSharp.ConsoleMessageEventArgs
11/03/2020 07.15.19	Voce nella console del browser web: CefSharp.ConsoleMessageEventArgs
11/03/2020 07.54.40	Voce nella console del browser web: CefSharp.ConsoleMessageEventArgs
11/03/2020 07.59.10	Voce nella console del browser web: CefSharp.ConsoleMessageEventArgs
11/03/2020 08.26.05	Voce nella console del browser web: CefSharp.ConsoleMessageEventArgs
11/03/2020 09.03.13	Voce nella console del browser web: CefSharp.ConsoleMessageEventArgs
11/03/2020 09.31.12	Voce nella console del browser web: CefSharp.ConsoleMessageEventArgs
11/03/2020 10.03.36	Voce nella console del browser web: CefSharp.ConsoleMessageEventArgs
11/03/2020 10.06.57	Voce nella console del browser web: CefSharp.ConsoleMessageEventArgs
11/03/2020 10.18.48	Voce nella console del browser web: CefSharp.ConsoleMessageEventArgs
11/03/2020 10.23.13	Voce nella console del browser web: CefSharp.ConsoleMessageEventArgs
11/03/2020 11.46.34	Voce nella console del browser web: CefSharp.ConsoleMessageEventArgs
11/03/2020 12.14.18	Voce nella console del browser web: CefSharp.ConsoleMessageEventArgs
11/03/2020 12.51.07	Voce nella console del browser web: CefSharp.ConsoleMessageEventArgs
11/03/2020 13.32.11	Voce nella console del browser web: CefSharp.ConsoleMessageEventArgs
11/03/2020 14.16.02	Voce nella console del browser web: CefSharp.ConsoleMessageEventArgs
11/03/2020 14.20.31	Voce nella console del browser web: CefSharp.ConsoleMessageEventArgs
11/03/2020 14.48.35	Voce nella console del browser web: CefSharp.ConsoleMessageEventArgs
11/03/2020 15.21.28	Voce nella console del browser web: CefSharp.ConsoleMessageEventArgs
11/03/2020 15.32.25	Voce nella console del browser web: CefSharp.ConsoleMessageEventArgs
11/03/2020 15.46.30	Voce nella console del browser web: CefSharp.ConsoleMessageEventArgs
11/03/2020 15.49.36	Voce nella console del browser web: CefSharp.ConsoleMessageEventArgs
11/03/2020 16.35.58	Voce nella console del browser web: CefSharp.ConsoleMessageEventArgs
11/03/2020 16.53.49	Windas.NET avviato
11/03/2020 16.53.55	Premuto impianto fermo
11/03/2020 16.54.19	Premuto impianto minimo tecnico
11/03/2020 16.54.32	Premuto impianto in marcia
11/03/2020 17.40.44	Voce nella console del browser web: CefSharp.ConsoleMessageEventArgs
11/03/2020 19.18.04	Voce nella console del browser web: CefSharp.ConsoleMessageEventArgs
11/03/2020 21.26.25	Voce nella console del browser web: CefSharp.ConsoleMessageEventArgs
11/03/2020 21.48.45	Voce nella console del browser web: CefSharp.ConsoleMessageEventArgs
11/03/2020 22.53.46	Voce nella console del browser web: CefSharp.ConsoleMessageEventArgs
11/03/2020 23.04.24	Voce nella console del browser web: CefSharp.ConsoleMessageEventArgs
11/03/2020 23.34.45	Voce nella console del browser web: CefSharp.ConsoleMessageEventArgs
11/03/2020 23.54.28	Voce nella console del browser web: CefSharp.ConsoleMessageEventArgs
