16/06/2020 00.51.57	Voce nella console del browser web: CefSharp.ConsoleMessageEventArgs
16/06/2020 01.56.19	Voce nella console del browser web: CefSharp.ConsoleMessageEventArgs
16/06/2020 02.24.27	Voce nella console del browser web: CefSharp.ConsoleMessageEventArgs
16/06/2020 02.53.59	Voce nella console del browser web: CefSharp.ConsoleMessageEventArgs
16/06/2020 03.44.03	Voce nella console del browser web: CefSharp.ConsoleMessageEventArgs
16/06/2020 06.39.55	Voce nella console del browser web: CefSharp.ConsoleMessageEventArgs
16/06/2020 07.38.58	Voce nella console del browser web: CefSharp.ConsoleMessageEventArgs
16/06/2020 08.03.55	Voce nella console del browser web: CefSharp.ConsoleMessageEventArgs
16/06/2020 10.44.10	Voce nella console del browser web: CefSharp.ConsoleMessageEventArgs
16/06/2020 10.46.57	Voce nella console del browser web: CefSharp.ConsoleMessageEventArgs
16/06/2020 12.10.33	Voce nella console del browser web: CefSharp.ConsoleMessageEventArgs
16/06/2020 14.01.38	Voce nella console del browser web: CefSharp.ConsoleMessageEventArgs
16/06/2020 14.07.41	Voce nella console del browser web: CefSharp.ConsoleMessageEventArgs
16/06/2020 14.28.57	Voce nella console del browser web: CefSharp.ConsoleMessageEventArgs
16/06/2020 15.41.00	Voce nella console del browser web: CefSharp.ConsoleMessageEventArgs
16/06/2020 15.59.20	Voce nella console del browser web: CefSharp.ConsoleMessageEventArgs
16/06/2020 16.04.53	Voce nella console del browser web: CefSharp.ConsoleMessageEventArgs
16/06/2020 16.13.29	Windas.NET avviato
16/06/2020 16.13.33	Premuto impianto fermo
16/06/2020 16.13.46	Premuto impianto minimo tecnico
16/06/2020 16.13.57	Premuto impianto in marcia
