06/02/2020 06.49.20	Windas.NET avviato
06/02/2020 06.49.23	Premuto impianto fermo
06/02/2020 06.49.58	Premuto impianto minimo tecnico
06/02/2020 06.50.09	Premuto impianto in marcia
06/02/2020 07.11.24	Windas.NET avviato
06/02/2020 07.11.24	Premuto impianto fermo
06/02/2020 07.11.44	Premuto impianto minimo tecnico
06/02/2020 07.11.53	Premuto impianto in marcia
06/02/2020 07.14.19	Premuto impianto minimo tecnico
06/02/2020 07.25.30	Premuto impianto fermo
06/02/2020 07.37.44	Voce nella console del browser web: CefSharp.ConsoleMessageEventArgs
06/02/2020 07.55.09	Voce nella console del browser web: CefSharp.ConsoleMessageEventArgs
06/02/2020 08.17.58	Voce nella console del browser web: CefSharp.ConsoleMessageEventArgs
06/02/2020 08.22.14	Voce nella console del browser web: CefSharp.ConsoleMessageEventArgs
06/02/2020 09.05.53	Voce nella console del browser web: CefSharp.ConsoleMessageEventArgs
06/02/2020 09.10.57	Voce nella console del browser web: CefSharp.ConsoleMessageEventArgs
06/02/2020 10.30.08	Voce nella console del browser web: CefSharp.ConsoleMessageEventArgs
06/02/2020 10.46.25	Voce nella console del browser web: CefSharp.ConsoleMessageEventArgs
06/02/2020 11.01.23	Voce nella console del browser web: CefSharp.ConsoleMessageEventArgs
06/02/2020 11.06.42	Voce nella console del browser web: CefSharp.ConsoleMessageEventArgs
06/02/2020 11.14.38	Voce nella console del browser web: CefSharp.ConsoleMessageEventArgs
06/02/2020 13.01.28	Voce nella console del browser web: CefSharp.ConsoleMessageEventArgs
06/02/2020 13.05.09	Voce nella console del browser web: CefSharp.ConsoleMessageEventArgs
06/02/2020 13.21.40	Voce nella console del browser web: CefSharp.ConsoleMessageEventArgs
06/02/2020 14.08.33	Premuto impianto minimo tecnico
06/02/2020 15.27.09	Voce nella console del browser web: CefSharp.ConsoleMessageEventArgs
06/02/2020 15.44.39	Premuto impianto in marcia
06/02/2020 15.53.38	Voce nella console del browser web: CefSharp.ConsoleMessageEventArgs
06/02/2020 17.25.59	Voce nella console del browser web: CefSharp.ConsoleMessageEventArgs
06/02/2020 17.39.10	Voce nella console del browser web: CefSharp.ConsoleMessageEventArgs
06/02/2020 18.20.43	Voce nella console del browser web: CefSharp.ConsoleMessageEventArgs
06/02/2020 18.45.35	Voce nella console del browser web: CefSharp.ConsoleMessageEventArgs
06/02/2020 18.50.45	Voce nella console del browser web: CefSharp.ConsoleMessageEventArgs
06/02/2020 19.15.37	Voce nella console del browser web: CefSharp.ConsoleMessageEventArgs
06/02/2020 19.21.30	Voce nella console del browser web: CefSharp.ConsoleMessageEventArgs
06/02/2020 20.08.08	Voce nella console del browser web: CefSharp.ConsoleMessageEventArgs
06/02/2020 20.33.06	Voce nella console del browser web: CefSharp.ConsoleMessageEventArgs
06/02/2020 21.09.54	Voce nella console del browser web: CefSharp.ConsoleMessageEventArgs
06/02/2020 21.33.38	Voce nella console del browser web: CefSharp.ConsoleMessageEventArgs
06/02/2020 22.39.53	Voce nella console del browser web: CefSharp.ConsoleMessageEventArgs
