16/01/2020 00.15.35	Voce nella console del browser web: CefSharp.ConsoleMessageEventArgs
16/01/2020 00.55.05	Voce nella console del browser web: CefSharp.ConsoleMessageEventArgs
16/01/2020 01.07.51	Voce nella console del browser web: CefSharp.ConsoleMessageEventArgs
16/01/2020 01.36.19	Voce nella console del browser web: CefSharp.ConsoleMessageEventArgs
16/01/2020 02.13.42	Voce nella console del browser web: CefSharp.ConsoleMessageEventArgs
16/01/2020 02.23.41	Voce nella console del browser web: CefSharp.ConsoleMessageEventArgs
16/01/2020 02.36.31	Voce nella console del browser web: CefSharp.ConsoleMessageEventArgs
16/01/2020 03.07.37	Voce nella console del browser web: CefSharp.ConsoleMessageEventArgs
16/01/2020 04.34.24	Voce nella console del browser web: CefSharp.ConsoleMessageEventArgs
16/01/2020 04.54.02	Voce nella console del browser web: CefSharp.ConsoleMessageEventArgs
16/01/2020 05.06.04	Voce nella console del browser web: CefSharp.ConsoleMessageEventArgs
16/01/2020 05.19.19	Voce nella console del browser web: CefSharp.ConsoleMessageEventArgs
16/01/2020 06.18.39	Windas.NET avviato
16/01/2020 06.18.43	Premuto impianto fermo
16/01/2020 06.19.13	Premuto impianto minimo tecnico
16/01/2020 06.19.23	Premuto impianto in marcia
16/01/2020 07.15.15	Voce nella console del browser web: CefSharp.ConsoleMessageEventArgs
16/01/2020 09.06.35	Voce nella console del browser web: CefSharp.ConsoleMessageEventArgs
16/01/2020 09.17.47	Voce nella console del browser web: CefSharp.ConsoleMessageEventArgs
16/01/2020 10.45.09	Voce nella console del browser web: CefSharp.ConsoleMessageEventArgs
16/01/2020 11.19.55	Voce nella console del browser web: CefSharp.ConsoleMessageEventArgs
16/01/2020 11.45.02	Voce nella console del browser web: CefSharp.ConsoleMessageEventArgs
16/01/2020 11.57.43	Voce nella console del browser web: CefSharp.ConsoleMessageEventArgs
16/01/2020 12.38.44	Voce nella console del browser web: CefSharp.ConsoleMessageEventArgs
16/01/2020 13.44.59	Voce nella console del browser web: CefSharp.ConsoleMessageEventArgs
16/01/2020 13.56.02	Voce nella console del browser web: CefSharp.ConsoleMessageEventArgs
16/01/2020 14.14.07	Voce nella console del browser web: CefSharp.ConsoleMessageEventArgs
16/01/2020 14.43.09	Voce nella console del browser web: CefSharp.ConsoleMessageEventArgs
16/01/2020 14.47.10	Voce nella console del browser web: CefSharp.ConsoleMessageEventArgs
16/01/2020 16.56.44	Voce nella console del browser web: CefSharp.ConsoleMessageEventArgs
16/01/2020 17.58.06	Voce nella console del browser web: CefSharp.ConsoleMessageEventArgs
16/01/2020 18.26.09	Voce nella console del browser web: CefSharp.ConsoleMessageEventArgs
16/01/2020 18.27.52	Voce nella console del browser web: CefSharp.ConsoleMessageEventArgs
16/01/2020 18.38.50	Voce nella console del browser web: CefSharp.ConsoleMessageEventArgs
16/01/2020 19.23.55	Voce nella console del browser web: CefSharp.ConsoleMessageEventArgs
16/01/2020 20.18.09	Voce nella console del browser web: CefSharp.ConsoleMessageEventArgs
16/01/2020 20.51.02	Voce nella console del browser web: CefSharp.ConsoleMessageEventArgs
16/01/2020 21.10.50	Voce nella console del browser web: CefSharp.ConsoleMessageEventArgs
16/01/2020 21.49.32	Voce nella console del browser web: CefSharp.ConsoleMessageEventArgs
16/01/2020 22.04.06	Voce nella console del browser web: CefSharp.ConsoleMessageEventArgs
