24/07/2020 02.34.10	Voce nella console del browser web: CefSharp.ConsoleMessageEventArgs
24/07/2020 02.44.28	Voce nella console del browser web: CefSharp.ConsoleMessageEventArgs
24/07/2020 03.06.48	Voce nella console del browser web: CefSharp.ConsoleMessageEventArgs
24/07/2020 03.28.05	Voce nella console del browser web: CefSharp.ConsoleMessageEventArgs
24/07/2020 05.12.13	Voce nella console del browser web: CefSharp.ConsoleMessageEventArgs
24/07/2020 05.58.35	Voce nella console del browser web: CefSharp.ConsoleMessageEventArgs
24/07/2020 06.32.22	Voce nella console del browser web: CefSharp.ConsoleMessageEventArgs
24/07/2020 08.28.02	Voce nella console del browser web: CefSharp.ConsoleMessageEventArgs
24/07/2020 08.34.44	Voce nella console del browser web: CefSharp.ConsoleMessageEventArgs
24/07/2020 08.43.30	Voce nella console del browser web: CefSharp.ConsoleMessageEventArgs
24/07/2020 09.52.07	Voce nella console del browser web: CefSharp.ConsoleMessageEventArgs
24/07/2020 10.54.17	Voce nella console del browser web: CefSharp.ConsoleMessageEventArgs
24/07/2020 11.36.30	Voce nella console del browser web: CefSharp.ConsoleMessageEventArgs
24/07/2020 12.09.28	Voce nella console del browser web: CefSharp.ConsoleMessageEventArgs
24/07/2020 12.49.08	Voce nella console del browser web: CefSharp.ConsoleMessageEventArgs
24/07/2020 15.05.26	Windas.NET avviato
24/07/2020 15.05.26	Premuto impianto fermo
24/07/2020 15.05.54	Premuto impianto minimo tecnico
24/07/2020 15.06.11	Premuto impianto in marcia
24/07/2020 15.37.53	Voce nella console del browser web: CefSharp.ConsoleMessageEventArgs
24/07/2020 16.17.44	Voce nella console del browser web: CefSharp.ConsoleMessageEventArgs
24/07/2020 16.32.47	Voce nella console del browser web: CefSharp.ConsoleMessageEventArgs
24/07/2020 16.43.00	Voce nella console del browser web: CefSharp.ConsoleMessageEventArgs
24/07/2020 17.19.54	Voce nella console del browser web: CefSharp.ConsoleMessageEventArgs
24/07/2020 17.59.59	Voce nella console del browser web: CefSharp.ConsoleMessageEventArgs
24/07/2020 18.48.00	Voce nella console del browser web: CefSharp.ConsoleMessageEventArgs
24/07/2020 19.20.09	Voce nella console del browser web: CefSharp.ConsoleMessageEventArgs
24/07/2020 19.52.52	Voce nella console del browser web: CefSharp.ConsoleMessageEventArgs
24/07/2020 20.58.34	Voce nella console del browser web: CefSharp.ConsoleMessageEventArgs
24/07/2020 22.27.24	Voce nella console del browser web: CefSharp.ConsoleMessageEventArgs
