11/01/2020 08.48.16	Windas.NET avviato
11/01/2020 08.48.18	Premuto impianto fermo
11/01/2020 09.12.56	Voce nella console del browser web: CefSharp.ConsoleMessageEventArgs
11/01/2020 09.25.46	Voce nella console del browser web: CefSharp.ConsoleMessageEventArgs
11/01/2020 09.31.29	Premuto impianto minimo tecnico
11/01/2020 09.31.38	Premuto impianto in marcia
11/01/2020 10.54.12	Voce nella console del browser web: CefSharp.ConsoleMessageEventArgs
11/01/2020 11.35.01	Voce nella console del browser web: CefSharp.ConsoleMessageEventArgs
11/01/2020 12.34.54	Voce nella console del browser web: CefSharp.ConsoleMessageEventArgs
11/01/2020 13.30.47	Voce nella console del browser web: CefSharp.ConsoleMessageEventArgs
11/01/2020 14.54.48	Voce nella console del browser web: CefSharp.ConsoleMessageEventArgs
11/01/2020 15.19.50	Voce nella console del browser web: CefSharp.ConsoleMessageEventArgs
11/01/2020 16.19.19	Voce nella console del browser web: CefSharp.ConsoleMessageEventArgs
11/01/2020 17.04.04	Voce nella console del browser web: CefSharp.ConsoleMessageEventArgs
11/01/2020 18.32.50	Voce nella console del browser web: CefSharp.ConsoleMessageEventArgs
11/01/2020 20.04.28	Voce nella console del browser web: CefSharp.ConsoleMessageEventArgs
11/01/2020 20.40.28	Voce nella console del browser web: CefSharp.ConsoleMessageEventArgs
11/01/2020 20.47.59	Voce nella console del browser web: CefSharp.ConsoleMessageEventArgs
11/01/2020 20.54.22	Voce nella console del browser web: CefSharp.ConsoleMessageEventArgs
11/01/2020 21.36.35	Voce nella console del browser web: CefSharp.ConsoleMessageEventArgs
