14/05/2020 00.26.55	Voce nella console del browser web: CefSharp.ConsoleMessageEventArgs
14/05/2020 00.38.22	Voce nella console del browser web: CefSharp.ConsoleMessageEventArgs
14/05/2020 01.00.03	Voce nella console del browser web: CefSharp.ConsoleMessageEventArgs
14/05/2020 03.00.52	Voce nella console del browser web: CefSharp.ConsoleMessageEventArgs
14/05/2020 03.17.33	Voce nella console del browser web: CefSharp.ConsoleMessageEventArgs
14/05/2020 04.21.51	Voce nella console del browser web: CefSharp.ConsoleMessageEventArgs
14/05/2020 04.32.38	Voce nella console del browser web: CefSharp.ConsoleMessageEventArgs
14/05/2020 04.38.42	Voce nella console del browser web: CefSharp.ConsoleMessageEventArgs
14/05/2020 04.40.30	Voce nella console del browser web: CefSharp.ConsoleMessageEventArgs
14/05/2020 04.45.24	Voce nella console del browser web: CefSharp.ConsoleMessageEventArgs
14/05/2020 05.58.17	Voce nella console del browser web: CefSharp.ConsoleMessageEventArgs
14/05/2020 07.09.17	Voce nella console del browser web: CefSharp.ConsoleMessageEventArgs
14/05/2020 08.00.49	Voce nella console del browser web: CefSharp.ConsoleMessageEventArgs
14/05/2020 09.20.49	Voce nella console del browser web: CefSharp.ConsoleMessageEventArgs
14/05/2020 10.05.09	Voce nella console del browser web: CefSharp.ConsoleMessageEventArgs
14/05/2020 10.53.39	Voce nella console del browser web: CefSharp.ConsoleMessageEventArgs
14/05/2020 10.54.57	Voce nella console del browser web: CefSharp.ConsoleMessageEventArgs
14/05/2020 11.23.55	Voce nella console del browser web: CefSharp.ConsoleMessageEventArgs
14/05/2020 11.39.12	Voce nella console del browser web: CefSharp.ConsoleMessageEventArgs
14/05/2020 13.29.58	Voce nella console del browser web: CefSharp.ConsoleMessageEventArgs
14/05/2020 13.35.02	Voce nella console del browser web: CefSharp.ConsoleMessageEventArgs
14/05/2020 13.41.49	Voce nella console del browser web: CefSharp.ConsoleMessageEventArgs
14/05/2020 14.04.09	Voce nella console del browser web: CefSharp.ConsoleMessageEventArgs
14/05/2020 15.03.47	Voce nella console del browser web: CefSharp.ConsoleMessageEventArgs
14/05/2020 15.26.10	Voce nella console del browser web: CefSharp.ConsoleMessageEventArgs
14/05/2020 15.38.52	Windas.NET avviato
14/05/2020 15.38.53	Premuto impianto fermo
14/05/2020 15.39.06	Premuto impianto minimo tecnico
14/05/2020 15.39.23	Premuto impianto in marcia
14/05/2020 16.03.37	Voce nella console del browser web: CefSharp.ConsoleMessageEventArgs
14/05/2020 17.09.58	Voce nella console del browser web: CefSharp.ConsoleMessageEventArgs
14/05/2020 17.26.05	Voce nella console del browser web: CefSharp.ConsoleMessageEventArgs
14/05/2020 20.19.20	Voce nella console del browser web: CefSharp.ConsoleMessageEventArgs
14/05/2020 21.08.10	Voce nella console del browser web: CefSharp.ConsoleMessageEventArgs
14/05/2020 21.26.25	Voce nella console del browser web: CefSharp.ConsoleMessageEventArgs
14/05/2020 21.33.12	Voce nella console del browser web: CefSharp.ConsoleMessageEventArgs
14/05/2020 21.52.41	Voce nella console del browser web: CefSharp.ConsoleMessageEventArgs
14/05/2020 22.47.14	Voce nella console del browser web: CefSharp.ConsoleMessageEventArgs
14/05/2020 23.40.54	Voce nella console del browser web: CefSharp.ConsoleMessageEventArgs
14/05/2020 23.43.41	Voce nella console del browser web: CefSharp.ConsoleMessageEventArgs
