30/09/2020 03.40.15	Voce nella console del browser web: CefSharp.ConsoleMessageEventArgs
30/09/2020 03.46.42	Voce nella console del browser web: CefSharp.ConsoleMessageEventArgs
30/09/2020 04.21.09	Voce nella console del browser web: CefSharp.ConsoleMessageEventArgs
30/09/2020 04.31.57	Voce nella console del browser web: CefSharp.ConsoleMessageEventArgs
30/09/2020 04.32.21	Voce nella console del browser web: CefSharp.ConsoleMessageEventArgs
30/09/2020 04.56.29	Voce nella console del browser web: CefSharp.ConsoleMessageEventArgs
30/09/2020 05.52.45	Voce nella console del browser web: CefSharp.ConsoleMessageEventArgs
30/09/2020 06.21.43	Voce nella console del browser web: CefSharp.ConsoleMessageEventArgs
30/09/2020 07.31.19	Voce nella console del browser web: CefSharp.ConsoleMessageEventArgs
30/09/2020 09.52.00	Voce nella console del browser web: CefSharp.ConsoleMessageEventArgs
30/09/2020 12.20.23	Voce nella console del browser web: CefSharp.ConsoleMessageEventArgs
30/09/2020 12.48.56	Voce nella console del browser web: CefSharp.ConsoleMessageEventArgs
30/09/2020 12.59.29	Voce nella console del browser web: CefSharp.ConsoleMessageEventArgs
30/09/2020 13.01.07	Voce nella console del browser web: CefSharp.ConsoleMessageEventArgs
30/09/2020 13.47.01	Voce nella console del browser web: CefSharp.ConsoleMessageEventArgs
30/09/2020 14.11.48	Voce nella console del browser web: CefSharp.ConsoleMessageEventArgs
30/09/2020 14.46.34	Voce nella console del browser web: CefSharp.ConsoleMessageEventArgs
30/09/2020 14.52.32	Voce nella console del browser web: CefSharp.ConsoleMessageEventArgs
30/09/2020 16.53.05	Windas.NET avviato
30/09/2020 16.53.08	Premuto impianto fermo
30/09/2020 16.53.24	Premuto impianto minimo tecnico
30/09/2020 16.53.36	Premuto impianto in marcia
30/09/2020 17.04.35	Voce nella console del browser web: CefSharp.ConsoleMessageEventArgs
30/09/2020 17.11.38	Voce nella console del browser web: CefSharp.ConsoleMessageEventArgs
30/09/2020 17.37.13	Voce nella console del browser web: CefSharp.ConsoleMessageEventArgs
30/09/2020 17.58.59	Voce nella console del browser web: CefSharp.ConsoleMessageEventArgs
30/09/2020 18.46.50	Voce nella console del browser web: CefSharp.ConsoleMessageEventArgs
30/09/2020 20.34.15	Voce nella console del browser web: CefSharp.ConsoleMessageEventArgs
30/09/2020 22.18.38	Voce nella console del browser web: CefSharp.ConsoleMessageEventArgs
30/09/2020 22.36.47	Voce nella console del browser web: CefSharp.ConsoleMessageEventArgs
30/09/2020 23.00.55	Voce nella console del browser web: CefSharp.ConsoleMessageEventArgs
