13/08/2020 00.29.17	Voce nella console del browser web: CefSharp.ConsoleMessageEventArgs
13/08/2020 00.46.37	Voce nella console del browser web: CefSharp.ConsoleMessageEventArgs
13/08/2020 01.10.06	Voce nella console del browser web: CefSharp.ConsoleMessageEventArgs
13/08/2020 01.26.18	Voce nella console del browser web: CefSharp.ConsoleMessageEventArgs
13/08/2020 03.03.43	Voce nella console del browser web: CefSharp.ConsoleMessageEventArgs
13/08/2020 03.07.33	Voce nella console del browser web: CefSharp.ConsoleMessageEventArgs
13/08/2020 03.56.09	Voce nella console del browser web: CefSharp.ConsoleMessageEventArgs
13/08/2020 04.10.08	Voce nella console del browser web: CefSharp.ConsoleMessageEventArgs
13/08/2020 04.40.58	Voce nella console del browser web: CefSharp.ConsoleMessageEventArgs
13/08/2020 04.51.02	Voce nella console del browser web: CefSharp.ConsoleMessageEventArgs
13/08/2020 05.05.06	Voce nella console del browser web: CefSharp.ConsoleMessageEventArgs
13/08/2020 07.13.36	Voce nella console del browser web: CefSharp.ConsoleMessageEventArgs
13/08/2020 07.49.11	Voce nella console del browser web: CefSharp.ConsoleMessageEventArgs
13/08/2020 07.51.53	Voce nella console del browser web: CefSharp.ConsoleMessageEventArgs
13/08/2020 08.14.33	Voce nella console del browser web: CefSharp.ConsoleMessageEventArgs
13/08/2020 08.57.34	Voce nella console del browser web: CefSharp.ConsoleMessageEventArgs
13/08/2020 10.34.30	Voce nella console del browser web: CefSharp.ConsoleMessageEventArgs
13/08/2020 11.24.14	Voce nella console del browser web: CefSharp.ConsoleMessageEventArgs
13/08/2020 11.52.57	Voce nella console del browser web: CefSharp.ConsoleMessageEventArgs
13/08/2020 12.07.30	Voce nella console del browser web: CefSharp.ConsoleMessageEventArgs
13/08/2020 12.49.38	Voce nella console del browser web: CefSharp.ConsoleMessageEventArgs
13/08/2020 13.19.09	Voce nella console del browser web: CefSharp.ConsoleMessageEventArgs
13/08/2020 13.55.09	Voce nella console del browser web: CefSharp.ConsoleMessageEventArgs
13/08/2020 14.27.42	Voce nella console del browser web: CefSharp.ConsoleMessageEventArgs
13/08/2020 14.35.53	Voce nella console del browser web: CefSharp.ConsoleMessageEventArgs
13/08/2020 15.46.08	Windas.NET avviato
13/08/2020 15.46.16	Premuto impianto fermo
13/08/2020 15.46.33	Premuto impianto minimo tecnico
13/08/2020 15.46.48	Premuto impianto in marcia
