04/02/2020 00.56.40	Voce nella console del browser web: CefSharp.ConsoleMessageEventArgs
04/02/2020 01.12.27	Voce nella console del browser web: CefSharp.ConsoleMessageEventArgs
04/02/2020 03.28.30	Voce nella console del browser web: CefSharp.ConsoleMessageEventArgs
04/02/2020 04.21.14	Voce nella console del browser web: CefSharp.ConsoleMessageEventArgs
04/02/2020 06.36.07	Voce nella console del browser web: CefSharp.ConsoleMessageEventArgs
04/02/2020 08.31.57	Voce nella console del browser web: CefSharp.ConsoleMessageEventArgs
04/02/2020 08.48.38	Voce nella console del browser web: CefSharp.ConsoleMessageEventArgs
04/02/2020 08.55.16	Voce nella console del browser web: CefSharp.ConsoleMessageEventArgs
04/02/2020 09.00.05	Voce nella console del browser web: CefSharp.ConsoleMessageEventArgs
04/02/2020 09.28.43	Voce nella console del browser web: CefSharp.ConsoleMessageEventArgs
04/02/2020 11.17.40	Voce nella console del browser web: CefSharp.ConsoleMessageEventArgs
04/02/2020 11.24.03	Voce nella console del browser web: CefSharp.ConsoleMessageEventArgs
04/02/2020 12.11.15	Voce nella console del browser web: CefSharp.ConsoleMessageEventArgs
04/02/2020 13.36.39	Voce nella console del browser web: CefSharp.ConsoleMessageEventArgs
04/02/2020 14.58.18	Windas.NET avviato
04/02/2020 14.58.20	Premuto impianto fermo
04/02/2020 14.59.20	Premuto impianto fermo
04/02/2020 14.59.35	Premuto impianto minimo tecnico
04/02/2020 14.59.49	Premuto impianto minimo tecnico
04/02/2020 15.00.01	Premuto impianto in marcia
