10/06/2020 00.58.20	Voce nella console del browser web: CefSharp.ConsoleMessageEventArgs
10/06/2020 01.27.07	Voce nella console del browser web: CefSharp.ConsoleMessageEventArgs
10/06/2020 01.27.27	Voce nella console del browser web: CefSharp.ConsoleMessageEventArgs
10/06/2020 01.46.11	Voce nella console del browser web: CefSharp.ConsoleMessageEventArgs
10/06/2020 02.27.10	Voce nella console del browser web: CefSharp.ConsoleMessageEventArgs
10/06/2020 02.31.59	Voce nella console del browser web: CefSharp.ConsoleMessageEventArgs
10/06/2020 03.16.19	Voce nella console del browser web: CefSharp.ConsoleMessageEventArgs
10/06/2020 03.27.37	Voce nella console del browser web: CefSharp.ConsoleMessageEventArgs
10/06/2020 04.57.26	Voce nella console del browser web: CefSharp.ConsoleMessageEventArgs
10/06/2020 05.34.34	Voce nella console del browser web: CefSharp.ConsoleMessageEventArgs
10/06/2020 05.38.15	Voce nella console del browser web: CefSharp.ConsoleMessageEventArgs
10/06/2020 06.50.43	Voce nella console del browser web: CefSharp.ConsoleMessageEventArgs
10/06/2020 07.00.13	Voce nella console del browser web: CefSharp.ConsoleMessageEventArgs
10/06/2020 08.53.50	Voce nella console del browser web: CefSharp.ConsoleMessageEventArgs
10/06/2020 09.16.05	Voce nella console del browser web: CefSharp.ConsoleMessageEventArgs
10/06/2020 09.52.39	Voce nella console del browser web: CefSharp.ConsoleMessageEventArgs
10/06/2020 11.49.08	Voce nella console del browser web: CefSharp.ConsoleMessageEventArgs
10/06/2020 12.36.59	Voce nella console del browser web: CefSharp.ConsoleMessageEventArgs
10/06/2020 13.32.27	Voce nella console del browser web: CefSharp.ConsoleMessageEventArgs
10/06/2020 13.36.47	Voce nella console del browser web: CefSharp.ConsoleMessageEventArgs
10/06/2020 13.37.11	Voce nella console del browser web: CefSharp.ConsoleMessageEventArgs
10/06/2020 14.20.18	Voce nella console del browser web: CefSharp.ConsoleMessageEventArgs
10/06/2020 15.08.53	Voce nella console del browser web: CefSharp.ConsoleMessageEventArgs
10/06/2020 15.15.56	Windas.NET avviato
10/06/2020 15.15.57	Premuto impianto fermo
10/06/2020 15.16.19	Premuto impianto minimo tecnico
10/06/2020 15.16.32	Premuto impianto in marcia
10/06/2020 16.26.54	Voce nella console del browser web: CefSharp.ConsoleMessageEventArgs
10/06/2020 16.49.05	Voce nella console del browser web: CefSharp.ConsoleMessageEventArgs
10/06/2020 17.03.04	Voce nella console del browser web: CefSharp.ConsoleMessageEventArgs
10/06/2020 19.09.42	Voce nella console del browser web: CefSharp.ConsoleMessageEventArgs
10/06/2020 21.13.23	Voce nella console del browser web: CefSharp.ConsoleMessageEventArgs
10/06/2020 22.11.42	Voce nella console del browser web: CefSharp.ConsoleMessageEventArgs
10/06/2020 22.29.47	Voce nella console del browser web: CefSharp.ConsoleMessageEventArgs
10/06/2020 23.08.24	Voce nella console del browser web: CefSharp.ConsoleMessageEventArgs
