13/03/2020 00.13.37	Voce nella console del browser web: CefSharp.ConsoleMessageEventArgs
13/03/2020 01.32.09	Voce nella console del browser web: CefSharp.ConsoleMessageEventArgs
13/03/2020 01.56.02	Voce nella console del browser web: CefSharp.ConsoleMessageEventArgs
13/03/2020 02.12.33	Voce nella console del browser web: CefSharp.ConsoleMessageEventArgs
13/03/2020 03.11.25	Voce nella console del browser web: CefSharp.ConsoleMessageEventArgs
13/03/2020 04.20.48	Voce nella console del browser web: CefSharp.ConsoleMessageEventArgs
13/03/2020 05.07.50	Voce nella console del browser web: CefSharp.ConsoleMessageEventArgs
13/03/2020 07.39.35	Voce nella console del browser web: CefSharp.ConsoleMessageEventArgs
13/03/2020 09.52.50	Voce nella console del browser web: CefSharp.ConsoleMessageEventArgs
13/03/2020 10.12.28	Voce nella console del browser web: CefSharp.ConsoleMessageEventArgs
13/03/2020 12.35.08	Voce nella console del browser web: CefSharp.ConsoleMessageEventArgs
13/03/2020 13.54.09	Voce nella console del browser web: CefSharp.ConsoleMessageEventArgs
13/03/2020 14.12.34	Voce nella console del browser web: CefSharp.ConsoleMessageEventArgs
13/03/2020 14.18.32	Voce nella console del browser web: CefSharp.ConsoleMessageEventArgs
13/03/2020 14.42.23	Windas.NET avviato
13/03/2020 14.42.24	Premuto impianto fermo
13/03/2020 14.49.31	Premuto impianto minimo tecnico
13/03/2020 14.49.43	Premuto impianto in marcia
13/03/2020 16.49.25	Voce nella console del browser web: CefSharp.ConsoleMessageEventArgs
13/03/2020 16.52.56	Voce nella console del browser web: CefSharp.ConsoleMessageEventArgs
13/03/2020 17.20.35	Voce nella console del browser web: CefSharp.ConsoleMessageEventArgs
13/03/2020 19.40.53	Voce nella console del browser web: CefSharp.ConsoleMessageEventArgs
13/03/2020 19.41.03	Voce nella console del browser web: CefSharp.ConsoleMessageEventArgs
13/03/2020 19.45.47	Voce nella console del browser web: CefSharp.ConsoleMessageEventArgs
13/03/2020 20.52.18	Voce nella console del browser web: CefSharp.ConsoleMessageEventArgs
13/03/2020 21.25.01	Voce nella console del browser web: CefSharp.ConsoleMessageEventArgs
13/03/2020 21.29.26	Voce nella console del browser web: CefSharp.ConsoleMessageEventArgs
13/03/2020 21.58.34	Voce nella console del browser web: CefSharp.ConsoleMessageEventArgs
13/03/2020 22.01.20	Voce nella console del browser web: CefSharp.ConsoleMessageEventArgs
13/03/2020 22.20.44	Voce nella console del browser web: CefSharp.ConsoleMessageEventArgs
13/03/2020 22.25.23	Voce nella console del browser web: CefSharp.ConsoleMessageEventArgs
13/03/2020 22.25.48	Voce nella console del browser web: CefSharp.ConsoleMessageEventArgs
13/03/2020 23.07.51	Voce nella console del browser web: CefSharp.ConsoleMessageEventArgs
