28/07/2020 00.24.53	Voce nella console del browser web: CefSharp.ConsoleMessageEventArgs
28/07/2020 01.36.22	Voce nella console del browser web: CefSharp.ConsoleMessageEventArgs
28/07/2020 01.48.19	Voce nella console del browser web: CefSharp.ConsoleMessageEventArgs
28/07/2020 02.31.35	Voce nella console del browser web: CefSharp.ConsoleMessageEventArgs
28/07/2020 02.32.29	Voce nella console del browser web: CefSharp.ConsoleMessageEventArgs
28/07/2020 03.14.42	Voce nella console del browser web: CefSharp.ConsoleMessageEventArgs
28/07/2020 05.20.17	Voce nella console del browser web: CefSharp.ConsoleMessageEventArgs
28/07/2020 06.35.03	Voce nella console del browser web: CefSharp.ConsoleMessageEventArgs
28/07/2020 06.38.00	Voce nella console del browser web: CefSharp.ConsoleMessageEventArgs
28/07/2020 07.21.26	Voce nella console del browser web: CefSharp.ConsoleMessageEventArgs
28/07/2020 09.12.12	Voce nella console del browser web: CefSharp.ConsoleMessageEventArgs
28/07/2020 09.20.03	Voce nella console del browser web: CefSharp.ConsoleMessageEventArgs
28/07/2020 09.38.22	Voce nella console del browser web: CefSharp.ConsoleMessageEventArgs
28/07/2020 11.13.16	Voce nella console del browser web: CefSharp.ConsoleMessageEventArgs
28/07/2020 11.45.29	Voce nella console del browser web: CefSharp.ConsoleMessageEventArgs
28/07/2020 12.07.20	Voce nella console del browser web: CefSharp.ConsoleMessageEventArgs
28/07/2020 12.10.02	Voce nella console del browser web: CefSharp.ConsoleMessageEventArgs
28/07/2020 13.39.16	Voce nella console del browser web: CefSharp.ConsoleMessageEventArgs
28/07/2020 14.07.30	Voce nella console del browser web: CefSharp.ConsoleMessageEventArgs
28/07/2020 14.40.23	Voce nella console del browser web: CefSharp.ConsoleMessageEventArgs
28/07/2020 14.46.55	Voce nella console del browser web: CefSharp.ConsoleMessageEventArgs
28/07/2020 16.03.19	Voce nella console del browser web: CefSharp.ConsoleMessageEventArgs
28/07/2020 16.05.49	Windas.NET avviato
28/07/2020 16.05.50	Premuto impianto fermo
28/07/2020 16.06.06	Premuto impianto minimo tecnico
28/07/2020 16.06.18	Premuto impianto in marcia
28/07/2020 17.39.58	Voce nella console del browser web: CefSharp.ConsoleMessageEventArgs
28/07/2020 18.17.35	Voce nella console del browser web: CefSharp.ConsoleMessageEventArgs
28/07/2020 19.46.01	Voce nella console del browser web: CefSharp.ConsoleMessageEventArgs
28/07/2020 21.39.58	Voce nella console del browser web: CefSharp.ConsoleMessageEventArgs
28/07/2020 21.51.05	Voce nella console del browser web: CefSharp.ConsoleMessageEventArgs
28/07/2020 23.19.50	Voce nella console del browser web: CefSharp.ConsoleMessageEventArgs
28/07/2020 23.58.17	Voce nella console del browser web: CefSharp.ConsoleMessageEventArgs
28/07/2020 23.58.51	Voce nella console del browser web: CefSharp.ConsoleMessageEventArgs
