28/07/2020 16.07.50	GestioneCasella errore: System.InvalidCastException: Cast non valido dalla stringa "" al tipo 'Double'. ---> System.FormatException: Formato della stringa di input non corretto.
   in Microsoft.VisualBasic.CompilerServices.Conversions.ParseDouble(String Value, NumberFormatInfo NumberFormat)
   in Microsoft.VisualBasic.CompilerServices.Conversions.ToDouble(String Value, NumberFormatInfo NumberFormat)
   --- Fine della traccia dello stack dell'eccezione interna ---
   in Microsoft.VisualBasic.CompilerServices.Conversions.ToDouble(String Value, NumberFormatInfo NumberFormat)
   in Microsoft.VisualBasic.CompilerServices.Conversions.ToDouble(Object Value, NumberFormatInfo NumberFormat)
   in WindasNet.FrmMain.GestioneCasella(String TipoTag) in C:\01 Commesse\C996 Siemens\094 - Enel SI Agordo\Windas.NET\WindowsApplication1\FrmMain.vb:riga 612
28/07/2020 16.07.50	GestioneCasella errore: System.InvalidCastException: Cast non valido dalla stringa "" al tipo 'Double'. ---> System.FormatException: Formato della stringa di input non corretto.
   in Microsoft.VisualBasic.CompilerServices.Conversions.ParseDouble(String Value, NumberFormatInfo NumberFormat)
   in Microsoft.VisualBasic.CompilerServices.Conversions.ToDouble(String Value, NumberFormatInfo NumberFormat)
   --- Fine della traccia dello stack dell'eccezione interna ---
   in Microsoft.VisualBasic.CompilerServices.Conversions.ToDouble(String Value, NumberFormatInfo NumberFormat)
   in Microsoft.VisualBasic.CompilerServices.Conversions.ToDouble(Object Value, NumberFormatInfo NumberFormat)
   in WindasNet.FrmMain.GestioneCasella(String TipoTag) in C:\01 Commesse\C996 Siemens\094 - Enel SI Agordo\Windas.NET\WindowsApplication1\FrmMain.vb:riga 612
28/07/2020 16.07.51	GestioneCasella errore: System.InvalidCastException: Cast non valido dalla stringa "" al tipo 'Double'. ---> System.FormatException: Formato della stringa di input non corretto.
   in Microsoft.VisualBasic.CompilerServices.Conversions.ParseDouble(String Value, NumberFormatInfo NumberFormat)
   in Microsoft.VisualBasic.CompilerServices.Conversions.ToDouble(String Value, NumberFormatInfo NumberFormat)
   --- Fine della traccia dello stack dell'eccezione interna ---
   in Microsoft.VisualBasic.CompilerServices.Conversions.ToDouble(String Value, NumberFormatInfo NumberFormat)
   in Microsoft.VisualBasic.CompilerServices.Conversions.ToDouble(Object Value, NumberFormatInfo NumberFormat)
   in WindasNet.FrmMain.GestioneCasella(String TipoTag) in C:\01 Commesse\C996 Siemens\094 - Enel SI Agordo\Windas.NET\WindowsApplication1\FrmMain.vb:riga 612
28/07/2020 16.07.51	GestioneCasella errore: System.InvalidCastException: Cast non valido dalla stringa "" al tipo 'Double'. ---> System.FormatException: Formato della stringa di input non corretto.
   in Microsoft.VisualBasic.CompilerServices.Conversions.ParseDouble(String Value, NumberFormatInfo NumberFormat)
   in Microsoft.VisualBasic.CompilerServices.Conversions.ToDouble(String Value, NumberFormatInfo NumberFormat)
   --- Fine della traccia dello stack dell'eccezione interna ---
   in Microsoft.VisualBasic.CompilerServices.Conversions.ToDouble(String Value, NumberFormatInfo NumberFormat)
   in Microsoft.VisualBasic.CompilerServices.Conversions.ToDouble(Object Value, NumberFormatInfo NumberFormat)
   in WindasNet.FrmMain.GestioneCasella(String TipoTag) in C:\01 Commesse\C996 Siemens\094 - Enel SI Agordo\Windas.NET\WindowsApplication1\FrmMain.vb:riga 612
28/07/2020 16.07.51	GestioneCasella errore: System.InvalidCastException: Cast non valido dalla stringa "" al tipo 'Double'. ---> System.FormatException: Formato della stringa di input non corretto.
   in Microsoft.VisualBasic.CompilerServices.Conversions.ParseDouble(String Value, NumberFormatInfo NumberFormat)
   in Microsoft.VisualBasic.CompilerServices.Conversions.ToDouble(String Value, NumberFormatInfo NumberFormat)
   --- Fine della traccia dello stack dell'eccezione interna ---
   in Microsoft.VisualBasic.CompilerServices.Conversions.ToDouble(String Value, NumberFormatInfo NumberFormat)
   in Microsoft.VisualBasic.CompilerServices.Conversions.ToDouble(Object Value, NumberFormatInfo NumberFormat)
   in WindasNet.FrmMain.GestioneCasella(String TipoTag) in C:\01 Commesse\C996 Siemens\094 - Enel SI Agordo\Windas.NET\WindowsApplication1\FrmMain.vb:riga 612
