14/09/2020 08.44.28	Windas.NET avviato
14/09/2020 08.44.29	Premuto impianto fermo
14/09/2020 09.20.42	Voce nella console del browser web: CefSharp.ConsoleMessageEventArgs
14/09/2020 09.31.11	Voce nella console del browser web: CefSharp.ConsoleMessageEventArgs
14/09/2020 09.36.10	Voce nella console del browser web: CefSharp.ConsoleMessageEventArgs
14/09/2020 10.50.11	Voce nella console del browser web: CefSharp.ConsoleMessageEventArgs
14/09/2020 11.16.02	Voce nella console del browser web: CefSharp.ConsoleMessageEventArgs
14/09/2020 11.17.06	Voce nella console del browser web: CefSharp.ConsoleMessageEventArgs
14/09/2020 11.59.18	Voce nella console del browser web: CefSharp.ConsoleMessageEventArgs
14/09/2020 12.53.57	Voce nella console del browser web: CefSharp.ConsoleMessageEventArgs
14/09/2020 13.10.43	Voce nella console del browser web: CefSharp.ConsoleMessageEventArgs
14/09/2020 13.50.28	Voce nella console del browser web: CefSharp.ConsoleMessageEventArgs
14/09/2020 14.25.38	Voce nella console del browser web: CefSharp.ConsoleMessageEventArgs
14/09/2020 14.50.40	Voce nella console del browser web: CefSharp.ConsoleMessageEventArgs
14/09/2020 15.21.11	Voce nella console del browser web: CefSharp.ConsoleMessageEventArgs
14/09/2020 15.28.03	Voce nella console del browser web: CefSharp.ConsoleMessageEventArgs
14/09/2020 15.43.55	Voce nella console del browser web: CefSharp.ConsoleMessageEventArgs
14/09/2020 15.48.10	Voce nella console del browser web: CefSharp.ConsoleMessageEventArgs
14/09/2020 16.01.06	Voce nella console del browser web: CefSharp.ConsoleMessageEventArgs
14/09/2020 16.11.10	Premuto impianto minimo tecnico
14/09/2020 16.11.22	Premuto impianto in marcia
14/09/2020 16.17.57	Voce nella console del browser web: CefSharp.ConsoleMessageEventArgs
14/09/2020 16.56.53	Voce nella console del browser web: CefSharp.ConsoleMessageEventArgs
14/09/2020 17.21.01	Voce nella console del browser web: CefSharp.ConsoleMessageEventArgs
14/09/2020 18.01.21	Voce nella console del browser web: CefSharp.ConsoleMessageEventArgs
14/09/2020 18.06.50	Voce nella console del browser web: CefSharp.ConsoleMessageEventArgs
14/09/2020 19.04.20	Voce nella console del browser web: CefSharp.ConsoleMessageEventArgs
14/09/2020 21.47.42	Voce nella console del browser web: CefSharp.ConsoleMessageEventArgs
14/09/2020 21.48.46	Voce nella console del browser web: CefSharp.ConsoleMessageEventArgs
14/09/2020 22.08.58	Voce nella console del browser web: CefSharp.ConsoleMessageEventArgs
14/09/2020 22.24.11	Voce nella console del browser web: CefSharp.ConsoleMessageEventArgs
14/09/2020 23.11.57	Voce nella console del browser web: CefSharp.ConsoleMessageEventArgs
14/09/2020 23.58.15	Voce nella console del browser web: CefSharp.ConsoleMessageEventArgs
