10/07/2018 12.54.53	GestioneQAL2QAL3 errore: Indice oltre i limiti della matrice.
10/07/2018 12.54.53	GestioneConfigurazione errore: Cast non valido dalla stringa "l37" al tipo 'Integer'.
10/07/2018 12.54.59	GestioneQAL2QAL3 errore: Indice oltre i limiti della matrice.
10/07/2018 12.54.59	GestioneConfigurazione errore: Cast non valido dalla stringa "l37" al tipo 'Integer'.
10/07/2018 12.55.07	GestioneConfigurazione errore: Cast non valido dalla stringa "l37" al tipo 'Integer'.
10/07/2018 12.56.42	btnReport_Click errore: Il file non è stato trovato.
10/07/2018 15.18.06	GestioneQAL2QAL3 errore: Indice oltre i limiti della matrice.
10/07/2018 15.18.06	GestioneConfigurazione errore: Cast non valido dalla stringa "l37" al tipo 'Integer'.
10/07/2018 15.20.18	GestioneQAL2QAL3 errore: Indice oltre i limiti della matrice.
10/07/2018 15.20.36	GestioneConfigurazione errore: Cast non valido dalla stringa "l37" al tipo 'Integer'.
10/07/2018 15.22.16	GestioneQAL2QAL3 errore: Indice oltre i limiti della matrice.
10/07/2018 15.25.49	GestioneQAL2QAL3 errore: Indice oltre i limiti della matrice.
10/07/2018 15.27.49	GestioneComboLinea errore: Il valore non può essere null.
Nome parametro: item
10/07/2018 15.27.49	Timer1 errore: Overflow di un'operazione aritmetica.
10/07/2018 15.27.50	Timer1 errore: Overflow di un'operazione aritmetica.
10/07/2018 15.27.50	Timer1 errore: Overflow di un'operazione aritmetica.
10/07/2018 15.27.50	Timer1 errore: Overflow di un'operazione aritmetica.
10/07/2018 15.27.51	Timer1 errore: Overflow di un'operazione aritmetica.
10/07/2018 15.27.51	Timer1 errore: Overflow di un'operazione aritmetica.
10/07/2018 15.29.50	GestioneComboLinea errore: Il valore non può essere null.
Nome parametro: item
10/07/2018 15.29.50	Timer1 errore: Overflow di un'operazione aritmetica.
10/07/2018 15.29.50	Timer1 errore: Overflow di un'operazione aritmetica.
10/07/2018 15.29.51	Timer1 errore: Overflow di un'operazione aritmetica.
10/07/2018 15.29.51	Timer1 errore: Overflow di un'operazione aritmetica.
10/07/2018 15.29.52	Timer1 errore: Overflow di un'operazione aritmetica.
10/07/2018 15.29.52	Timer1 errore: Overflow di un'operazione aritmetica.
10/07/2018 15.29.53	Timer1 errore: Overflow di un'operazione aritmetica.
10/07/2018 15.29.53	Timer1 errore: Overflow di un'operazione aritmetica.
10/07/2018 15.29.54	Timer1 errore: Overflow di un'operazione aritmetica.
10/07/2018 15.30.11	GestioneComboLinea errore: Il valore non può essere null.
Nome parametro: item
10/07/2018 15.30.14	Timer1 errore: Overflow di un'operazione aritmetica.
10/07/2018 15.30.14	Timer1 errore: Overflow di un'operazione aritmetica.
10/07/2018 15.30.14	Timer1 errore: Overflow di un'operazione aritmetica.
10/07/2018 15.30.15	Timer1 errore: Overflow di un'operazione aritmetica.
10/07/2018 15.30.15	Timer1 errore: Overflow di un'operazione aritmetica.
10/07/2018 15.30.47	GestioneQAL2QAL3 errore: Indice oltre i limiti della matrice.
10/07/2018 15.36.12	GestioneQAL2QAL3 errore: Indice oltre i limiti della matrice.
10/07/2018 15.36.17	GestioneQAL2QAL3 errore: Indice oltre i limiti della matrice.
10/07/2018 15.36.58	GestioneQAL2QAL3 errore: Indice oltre i limiti della matrice.
10/07/2018 15.37.02	GestioneQAL2QAL3 errore: Indice oltre i limiti della matrice.
10/07/2018 15.37.07	GestioneQAL2QAL3 errore: Indice oltre i limiti della matrice.
10/07/2018 15.37.26	GestioneQAL2QAL3 errore: Indice oltre i limiti della matrice.
10/07/2018 15.37.31	GestioneQAL2QAL3 errore: Indice oltre i limiti della matrice.
10/07/2018 15.38.07	GestioneQAL2QAL3 errore: Indice oltre i limiti della matrice.
10/07/2018 15.55.02	GestioneQAL2QAL3CaricaDatiQAL2 errore: Riferimento a un oggetto non impostato su un'istanza di oggetto.
10/07/2018 15.55.03	GestioneQAL2QAL3CaricaDatiQAL2 errore: Riferimento a un oggetto non impostato su un'istanza di oggetto.
10/07/2018 15.55.03	GestioneQAL2QAL3CaricaDatiQAL2 errore: Riferimento a un oggetto non impostato su un'istanza di oggetto.
10/07/2018 15.55.03	GestioneQAL2QAL3CaricaDatiQAL2 errore: Riferimento a un oggetto non impostato su un'istanza di oggetto.
10/07/2018 15.55.26	GestioneQAL2QAL3CaricaDatiQAL2 errore: Riferimento a un oggetto non impostato su un'istanza di oggetto.
10/07/2018 15.55.26	GestioneQAL2QAL3CaricaDatiQAL2 errore: Riferimento a un oggetto non impostato su un'istanza di oggetto.
10/07/2018 15.55.26	GestioneQAL2QAL3CaricaDatiQAL2 errore: Riferimento a un oggetto non impostato su un'istanza di oggetto.
10/07/2018 15.55.27	GestioneQAL2QAL3CaricaDatiQAL2 errore: Riferimento a un oggetto non impostato su un'istanza di oggetto.
10/07/2018 15.55.29	GestioneQAL2QAL3CaricaDatiQAL2 errore: Riferimento a un oggetto non impostato su un'istanza di oggetto.
10/07/2018 15.55.29	GestioneQAL2QAL3CaricaDatiQAL2 errore: Riferimento a un oggetto non impostato su un'istanza di oggetto.
10/07/2018 15.55.29	GestioneQAL2QAL3CaricaDatiQAL2 errore: Riferimento a un oggetto non impostato su un'istanza di oggetto.
10/07/2018 15.55.29	GestioneQAL2QAL3CaricaDatiQAL2 errore: Riferimento a un oggetto non impostato su un'istanza di oggetto.
10/07/2018 15.55.31	GestioneQAL2QAL3CaricaDatiQAL2 errore: Riferimento a un oggetto non impostato su un'istanza di oggetto.
10/07/2018 15.55.31	GestioneQAL2QAL3CaricaDatiQAL2 errore: Riferimento a un oggetto non impostato su un'istanza di oggetto.
10/07/2018 15.55.31	GestioneQAL2QAL3CaricaDatiQAL2 errore: Riferimento a un oggetto non impostato su un'istanza di oggetto.
10/07/2018 15.55.31	GestioneQAL2QAL3CaricaDatiQAL2 errore: Riferimento a un oggetto non impostato su un'istanza di oggetto.
10/07/2018 15.56.44	GestioneQAL2QAL3CaricaDatiQAL2 errore: Riferimento a un oggetto non impostato su un'istanza di oggetto.
