***  Installation Started 09/13/2018 13:11  ***
Title: Windas system  7 Installation
Source: C:\Users\SME\Desktop\DA INSTALLARE\13.BFDesk\Windas7Setup.exe | 05-28-2013 | 08:54:54 | 13664130
Made Dir: C:\Windas
File Copy: C:\Windas\UNWISE.EXE | 07-26-2002 | 17:02:06 | | 153088 | 5be5019b
RegDB Key: Software\Microsoft\Windows\CurrentVersion\Uninstall\Windas
RegDB Val: Windas
RegDB Name: DisplayName
RegDB Root: 2
RegDB Key: Software\Microsoft\Windows\CurrentVersion\Uninstall\Windas
RegDB Val: C:\Windas\UNWISE.EXE C:\Windas\INSTALL.LOG
RegDB Name: UninstallString
RegDB Root: 2
Made Dir: C:\Windas\bfinfo
File Copy: C:\Windas\bfinfo\BfFwk.dll | 06-12-2007 | 17:07:06 | 1.0.0.43 | 466944 | 1a9036db
File Copy: C:\Windas\bfinfo\AttimoFwk.dll | 05-16-2013 | 10:04:16 | 1.1.0.109 | 475136 | cbe42ccb
File Copy: C:\Windas\bfinfo\AcroPDF.dll | 11-27-2006 | 12:25:38 | 7.0.9.0 | 292488 | c02a3944
File Copy: C:\Windas\bfinfo\msvcrt.dll | 04-14-2008 | 14:00:00 | 7.0.2600.5512 | 343040 | 64f9a24f
File Copy: C:\Windas\bfinfo\msvcp60.dll | 04-14-2008 | 14:00:00 | 6.2.3104.0 | 413696 | 5cc475b3
File Copy: C:\Windas\bfinfo\MSSTDFMT.DLL | 02-23-2004 | 00:00:00 | 6.1.97.82 | 119808 | d32b6dbe
File Copy: C:\Windas\bfinfo\GridEX20.ocx | 04-26-2006 | 14:53:02 | 2.0.0.2215 | 457257 | 15a6bbcc
File Copy: C:\Windas\bfinfo\COMDLG32.DLL | 04-14-2008 | 14:00:00 | 6.0.2900.5512 | 281088 | f18dd4b0
File Copy: C:\Windas\bfinfo\COMDLG32.OCX | 03-09-2004 | 00:00:00 | 6.1.97.82 | 152848 | cea2f083
File Copy: C:\Windas\bfinfo\TabCtl32.ocx | 03-09-2004 | 00:00:00 | 6.1.97.82 | 224016 | ec11b6a2
File Copy: C:\Windas\bfinfo\MSSCRIPT.OCX | 08-19-2004 | 13:00:00 | 1.0.0.8820 | 102400 | 899e1513
File Copy: C:\Windas\bfinfo\ieframe.dll | 04-17-2013 | 00:16:48 | 8.0.6001.23486 | 11112960 | 51102432
File Copy: C:\Windas\bfinfo\msvcp71.dll | 01-08-2007 | 22:17:44 | 7.10.3077.0 | 502816 | 951437c6
File Copy: C:\Windas\bfinfo\msvcr71.dll | 10-17-2003 | 13:44:08 | 7.10.3052.4 | 348160 | 35563170
File Copy: C:\Windas\bfinfo\iertutil.dll | 04-17-2013 | 00:16:50 | 8.0.6001.23486 | 2005504 | d01022e7
File Copy: C:\Windas\bfinfo\JSBBar16.ocx | 04-27-2001 | 14:40:48 | 1.6.0.2081 | 278658 | 4770bc60
File Copy: C:\Windas\bfinfo\MSComCt2.ocx | 05-05-2012 | 10:54:20 | 6.1.97.82 | 662288 | 1bf8b94e
File Copy: C:\Windas\bfinfo\MSComCtl.ocx | 01-09-2013 | 14:52:36 | 6.1.98.34 | 1070152 | 14c672f6
File Copy: C:\Windas\bfinfo\MSChrt20.ocx | 03-09-2004 | 00:00:00 | 6.0.88.4 | 1010720 | 5b2c9d86
File Overwrite: C:\Windas\bfinfo\TabCtl32.ocx | 03-09-2004 | 00:00:00 | 6.1.97.82 | 224016 | ec11b6a2
File Copy: C:\Windas\bfinfo\shdocvw.dll | 06-28-2012 | 23:33:18 | 6.0.2900.6254 | 1510912 | afc98f7
File Overwrite: C:\Windas\bfinfo\MSSCRIPT.OCX | 04-14-2008 | 14:00:00 | 1.0.0.16599 | 110592 | 3a802cc9
File Copy: C:\Windas\bfinfo\NTSVC.ocx | 04-14-1998 | 08:51:28 | 1.0.0.1 | 34304 | a3a4ea93
File Copy: C:\Windas\bfinfo\MSComm32.ocx | 06-24-1998 | 01:00:00 | 6.0.81.69 | 103744 | 69520cfa
Made Dir: C:\Windas\bfdesk
File Copy: C:\Windas\bfdesk\BfDesk.exe | 04-26-2013 | 11:51:12 | 7.11.0.7 | 7409664 | 7fe6d1f3
File Copy: C:\Windas\bfdesk\Working.avi | 12-03-2001 | 10:20:18 | | 57856 | 3d9c4ffa
File Copy: C:\Windas\bfdesk\BFLiActivator.exe | 10-18-2007 | 14:26:08 | 1.0.0.0 | 40960 | b6a099b8
File Copy: C:\Windas\bfdesk\bfdeskcn.mdb | 05-13-2013 | 11:01:22 | | 196608 | a1a61115
File Copy: C:\Windas\bfdesk\BFDeskHelp.pdf | 05-13-2013 | 12:18:18 | | 3512735 | 38943c58
Made Dir: C:\Windas\XLS2
Made Dir: C:\Windas\BFMonitor
Shell Link: C:\Users\SME\AppData\Roaming\Microsoft\Windows\Start Menu\Programs\Windas\BfDesk.lnk
Link Info: C:\Windas\bfdesk\BfDesk.exe |  |  | 0 | 1 | 0 | 
Shell Link: C:\Users\Public\Desktop\BfDesk.lnk
Link Info: C:\Windas\bfdesk\BfDesk.exe | C:\Users\Public\Desktop |  | 0 | 1 | 0 | 
Self-Register: C:\Windas\bfinfo\BfFwk.dll
Self-Register: C:\Windas\bfinfo\AttimoFwk.dll
Could not Self-Register: C:\Windas\bfinfo\AcroPDF.dll
Self-Register: C:\Windas\bfinfo\MSSTDFMT.DLL
Self-Register: C:\Windas\bfinfo\GridEX20.ocx
Could not Self-Register: C:\Windas\bfinfo\COMDLG32.DLL
Self-Register: C:\Windas\bfinfo\COMDLG32.OCX
Self-Register: C:\Windas\bfinfo\TabCtl32.ocx
Self-Register: C:\Windas\bfinfo\MSSCRIPT.OCX
Could not Self-Register: C:\Windas\bfinfo\ieframe.dll
Could not Self-Register: C:\Windas\bfinfo\msvcp71.dll
Could not Self-Register: C:\Windas\bfinfo\msvcr71.dll
Could not Self-Register: C:\Windas\bfinfo\iertutil.dll
Self-Register: C:\Windas\bfinfo\JSBBar16.ocx
Self-Register: C:\Windas\bfinfo\MSComCt2.ocx
Self-Register: C:\Windas\bfinfo\MSComCtl.ocx
Self-Register: C:\Windas\bfinfo\MSChrt20.ocx
Self-Register: C:\Windas\bfinfo\TabCtl32.ocx
Could not Self-Register: C:\Windas\bfinfo\shdocvw.dll
Self-Register: C:\Windas\bfinfo\NTSVC.ocx
Self-Register: C:\Windas\bfinfo\MSComm32.ocx
User Rights: Admin
